{"type":"compare","stamp":1529864116,"date":"24.06.2018","time":"20:15:16","options":[["LEB","2ED","3ED","LEG","ARN","ATQ","ALL","TMP","WTH","STH","EXO","MIR","VIS","USG","EXP","MPS","MPS_AKH","FNM","BABP","GDP","JR","CPR","SS1","ULG","UDS","BBD","CHK","BOK","SOK","TSP","PLC","FUT","A25","EMA","CSP","INV","ONS","APC","M10","M11","M12","M13","M14","M15","10E","PLS","ALA","_CON","ARB","LRW","MOR","SHM","EVE","RAV","DIS","RTR","GTC","DGM","ZEN","WWK","ROE","MRD","5DN","DST","SOM","MBS","ISD","DKA","AVR","NPH","KTK","DTK","FRF","SOI","EMN","KLD","AER","AKH","HOU","XLN","RIX","DOM","BOXES"],["R","M","S"],1,1,0,0,0,0,-3,0,"PCT"]},
{"type":"chart","stamp":1529864134,"date":"24.06.2018","time":"20:15:34","set":"EXP","card":"Horizon Canopy"},
{"type":"chart","stamp":1529864178,"date":"24.06.2018","time":"20:16:18","set":"BBD","card":"Stolen Strategy"},
{"type":"chart","stamp":1529864414,"date":"24.06.2018","time":"20:20:14","set":"HOU","card":"Crested Sunmare"},
{"type":"compare","stamp":1529864438,"date":"24.06.2018","time":"20:20:38","options":[["LEB","2ED","3ED","LEG","ARN","ATQ","ALL","TMP","WTH","STH","EXO","MIR","VIS","USG","EXP","MPS","MPS_AKH","FNM","BABP","GDP","JR","CPR","SS1","ULG","UDS","BBD","CHK","BOK","SOK","TSP","PLC","FUT","A25","EMA","CSP","INV","ONS","APC","M10","M11","M12","M13","M14","M15","10E","PLS","ALA","_CON","ARB","LRW","MOR","SHM","EVE","RAV","DIS","RTR","GTC","DGM","ZEN","WWK","ROE","MRD","5DN","DST","SOM","MBS","ISD","DKA","AVR","NPH","KTK","DTK","FRF","SOI","EMN","KLD","AER","AKH","HOU","XLN","RIX","DOM","BOXES"],["R","M","S"],0,1,100,0,0,0,-3,0,"PCT"]},
{"type":"compare","stamp":1529864752,"date":"24.06.2018","time":"20:25:52","options":[["LEB","2ED","3ED","LEG","ARN","ATQ","ALL","TMP","WTH","STH","EXO","MIR","VIS","USG","EXP","MPS","MPS_AKH","FNM","BABP","GDP","JR","CPR","SS1","ULG","UDS","BBD","CHK","BOK","SOK","TSP","PLC","FUT","A25","EMA","CSP","INV","ONS","APC","M10","M11","M12","M13","M14","M15","10E","PLS","ALA","_CON","ARB","LRW","MOR","SHM","EVE","RAV","DIS","RTR","GTC","DGM","ZEN","WWK","ROE","MRD","5DN","DST","SOM","MBS","ISD","DKA","AVR","NPH","KTK","DTK","FRF","SOI","EMN","KLD","AER","AKH","HOU","XLN","RIX","DOM","BOXES"],["R","M","S"],0,10,1000,0,0,0,-10,0,"PCT"]},
{"type":"compare","stamp":1529864768,"date":"24.06.2018","time":"20:26:08","options":[["LEB","2ED","3ED","LEG","ARN","ATQ","ALL","TMP","WTH","STH","EXO","MIR","VIS","USG","EXP","MPS","MPS_AKH","FNM","BABP","GDP","JR","CPR","SS1","ULG","UDS","BBD","CHK","BOK","SOK","TSP","PLC","FUT","A25","EMA","CSP","INV","ONS","APC","M10","M11","M12","M13","M14","M15","10E","PLS","ALA","_CON","ARB","LRW","MOR","SHM","EVE","RAV","DIS","RTR","GTC","DGM","ZEN","WWK","ROE","MRD","5DN","DST","SOM","MBS","ISD","DKA","AVR","NPH","KTK","DTK","FRF","SOI","EMN","KLD","AER","AKH","HOU","XLN","RIX","DOM","BOXES"],["R","M","S"],0,15,1000,0,0,0,-10,0,"PCT"]},
{"type":"compare","stamp":1529864777,"date":"24.06.2018","time":"20:26:17","options":[["LEB","2ED","3ED","LEG","ARN","ATQ","ALL","TMP","WTH","STH","EXO","MIR","VIS","USG","EXP","MPS","MPS_AKH","FNM","BABP","GDP","JR","CPR","SS1","ULG","UDS","BBD","CHK","BOK","SOK","TSP","PLC","FUT","A25","EMA","CSP","INV","ONS","APC","M10","M11","M12","M13","M14","M15","10E","PLS","ALA","_CON","ARB","LRW","MOR","SHM","EVE","RAV","DIS","RTR","GTC","DGM","ZEN","WWK","ROE","MRD","5DN","DST","SOM","MBS","ISD","DKA","AVR","NPH","KTK","DTK","FRF","SOI","EMN","KLD","AER","AKH","HOU","XLN","RIX","DOM","BOXES"],["U"],0,15,1000,0,0,0,-10,0,"PCT"]},
{"type":"compare","stamp":1529951153,"date":"25.06.2018","time":"20:25:53","options":[["LEB","2ED","3ED","LEG","ARN","ATQ","ALL","TMP","WTH","STH","EXO","MIR","VIS","USG","EXP","MPS","MPS_AKH","FNM","BABP","GDP","JR","CPR","SS1","ULG","UDS","BBD","CHK","BOK","SOK","TSP","PLC","FUT","A25","EMA","CSP","INV","ONS","APC","M10","M11","M12","M13","M14","M15","10E","PLS","ALA","_CON","ARB","LRW","MOR","SHM","EVE","RAV","DIS","RTR","GTC","DGM","ZEN","WWK","ROE","MRD","5DN","DST","SOM","MBS","ISD","DKA","AVR","NPH","KTK","DTK","FRF","SOI","EMN","KLD","AER","AKH","HOU","XLN","RIX","DOM","BOXES"],["R","M","S"],1,1,0,0,0,0,-1,0,"PCT"]},
{"type":"chart","stamp":1529951281,"date":"25.06.2018","time":"20:28:01","set":"JR","card":"Thawing Glaciers"},
{"type":"chart","stamp":1529951716,"date":"25.06.2018","time":"20:35:16","set":"APC","card":"Llanowar Wastes"},
{"type":"chart","stamp":1529951909,"date":"25.06.2018","time":"20:38:29","set":"ALA","card":"Ooze Garden"},
{"type":"chart","stamp":1529952167,"date":"25.06.2018","time":"20:42:47","set":"MBS","card":"Titan Forge"},
{"type":"chart","stamp":1529952173,"date":"25.06.2018","time":"20:42:53","set":"MBS","card":"Mirrorworks"},
{"type":"chart","stamp":1529952297,"date":"25.06.2018","time":"20:44:57","set":"AVR","card":"Soul of the Harvest"},
{"type":"chart","stamp":1529952774,"date":"25.06.2018","time":"20:52:54","set":"HOU","card":"Scavenger Grounds"},
{"type":"chart","stamp":1529952893,"date":"25.06.2018","time":"20:54:53","set":"DOM","card":"Blackblade Reforged"},
{"type":"chart","stamp":1529952935,"date":"25.06.2018","time":"20:55:35","set":"DOM","card":"Demonlord Belzenlok"},
{"type":"chart","stamp":1529954296,"date":"25.06.2018","time":"21:18:16","set":"NPH","card":"Shattered Angel"},
{"type":"chart","stamp":1529954304,"date":"25.06.2018","time":"21:18:24","set":"BOXES","card":"Battle for Zendikar Booster Box"},
{"type":"chart","stamp":1529954323,"date":"25.06.2018","time":"21:18:43","set":"BOXES","card":"Kaladesh Booster Box"},
{"type":"compare","stamp":1530037181,"date":"26.06.2018","time":"20:19:41","options":[["LEB","2ED","3ED","LEG","ARN","ATQ","ALL","TMP","WTH","STH","EXO","MIR","VIS","USG","EXP","MPS","MPS_AKH","FNM","BABP","GDP","JR","CPR","SS1","ULG","UDS","BBD","CHK","BOK","SOK","TSP","PLC","FUT","A25","EMA","CSP","INV","ONS","APC","M10","M11","M12","M13","M14","M15","10E","PLS","ALA","_CON","ARB","LRW","MOR","SHM","EVE","RAV","DIS","RTR","GTC","DGM","ZEN","WWK","ROE","MRD","5DN","DST","SOM","MBS","ISD","DKA","AVR","NPH","KTK","DTK","FRF","SOI","EMN","KLD","AER","AKH","HOU","XLN","RIX","DOM","BOXES"],["R","M","S"],1,1,0,0,0,0,-3,0,"PCT"]},
{"type":"chart","stamp":1530037314,"date":"26.06.2018","time":"20:21:54","set":"MPS","card":"Sol Ring"},
{"type":"chart","stamp":1530037330,"date":"26.06.2018","time":"20:22:10","set":"JR","card":"Mishra's Factory"},
{"type":"chart","stamp":1530037343,"date":"26.06.2018","time":"20:22:23","set":"JR","card":"Sword of Feast and Famine"},
{"type":"chart","stamp":1530037362,"date":"26.06.2018","time":"20:22:42","set":"UDS","card":"Masticore"},
{"type":"chart","stamp":1530037417,"date":"26.06.2018","time":"20:23:37","set":"ONS","card":"Ravenous Baloth"},
{"type":"chart","stamp":1530037481,"date":"26.06.2018","time":"20:24:41","set":"ROE","card":"Tajuru Preserver"},
{"type":"chart","stamp":1530037505,"date":"26.06.2018","time":"20:25:05","set":"AVR","card":"Somberwald Sage"},
{"type":"chart","stamp":1530037508,"date":"26.06.2018","time":"20:25:08","set":"AVR","card":"Champion of Lambholt"},
{"type":"chart","stamp":1530037517,"date":"26.06.2018","time":"20:25:17","set":"SOI","card":"Cryptolith Rite"},
{"type":"chart","stamp":1530037562,"date":"26.06.2018","time":"20:26:02","set":"SOI","card":"Second Harvest"},
{"type":"compare","stamp":1530039101,"date":"26.06.2018","time":"20:51:41","options":[["LEB","2ED","3ED","LEG","ARN","ATQ","ALL","TMP","WTH","STH","EXO","MIR","VIS","USG","EXP","MPS","MPS_AKH","FNM","BABP","GDP","JR","CPR","SS1","ULG","UDS","BBD","CHK","BOK","SOK","TSP","PLC","FUT","A25","EMA","CSP","INV","ONS","APC","M10","M11","M12","M13","M14","M15","10E","PLS","ALA","_CON","ARB","LRW","MOR","SHM","EVE","RAV","DIS","RTR","GTC","DGM","ZEN","WWK","ROE","MRD","5DN","DST","SOM","MBS","ISD","DKA","AVR","NPH","KTK","DTK","FRF","SOI","EMN","KLD","AER","AKH","HOU","XLN","RIX","DOM","BOXES"],["R","M","S"],0,10,2000,0,0,0,-10,0,"PCT"]},
{"type":"compare","stamp":1530039116,"date":"26.06.2018","time":"20:51:56","options":[["LEB","2ED","3ED","LEG","ARN","ATQ","ALL","TMP","WTH","STH","EXO","MIR","VIS","USG","EXP","MPS","MPS_AKH","FNM","BABP","GDP","JR","CPR","SS1","ULG","UDS","BBD","CHK","BOK","SOK","TSP","PLC","FUT","A25","EMA","CSP","INV","ONS","APC","M10","M11","M12","M13","M14","M15","10E","PLS","ALA","_CON","ARB","LRW","MOR","SHM","EVE","RAV","DIS","RTR","GTC","DGM","ZEN","WWK","ROE","MRD","5DN","DST","SOM","MBS","ISD","DKA","AVR","NPH","KTK","DTK","FRF","SOI","EMN","KLD","AER","AKH","HOU","XLN","RIX","DOM","BOXES"],["R","M","S"],0,15,2000,0,0,0,-10,0,"PCT"]},
{"type":"compare","stamp":1530039128,"date":"26.06.2018","time":"20:52:08","options":[["LEB","2ED","3ED","LEG","ARN","ATQ","ALL","TMP","WTH","STH","EXO","MIR","VIS","USG","EXP","MPS","MPS_AKH","FNM","BABP","GDP","JR","CPR","SS1","ULG","UDS","BBD","CHK","BOK","SOK","TSP","PLC","FUT","A25","EMA","CSP","INV","ONS","APC","M10","M11","M12","M13","M14","M15","10E","PLS","ALA","_CON","ARB","LRW","MOR","SHM","EVE","RAV","DIS","RTR","GTC","DGM","ZEN","WWK","ROE","MRD","5DN","DST","SOM","MBS","ISD","DKA","AVR","NPH","KTK","DTK","FRF","SOI","EMN","KLD","AER","AKH","HOU","XLN","RIX","DOM","BOXES"],["R","M","S"],0,15,1500,0,0,0,-10,0,"PCT"]},
{"type":"compare","stamp":1530123302,"date":"27.06.2018","time":"20:15:02","options":[["LEB","2ED","3ED","LEG","ARN","ATQ","ALL","TMP","WTH","STH","EXO","MIR","VIS","USG","EXP","MPS","MPS_AKH","FNM","BABP","GDP","JR","CPR","SS1","ULG","UDS","BBD","CHK","BOK","SOK","TSP","PLC","FUT","A25","EMA","CSP","INV","ONS","APC","M10","M11","M12","M13","M14","M15","10E","PLS","ALA","_CON","ARB","LRW","MOR","SHM","EVE","RAV","DIS","RTR","GTC","DGM","ZEN","WWK","ROE","MRD","5DN","DST","SOM","MBS","ISD","DKA","AVR","NPH","KTK","DTK","FRF","SOI","EMN","KLD","AER","AKH","HOU","XLN","RIX","DOM","BOXES"],["R","M","S"],1,0,0,0,0,0,-1,0,"PCT"]},
{"type":"compare","stamp":1530123329,"date":"27.06.2018","time":"20:15:29","options":[["LEB","2ED","3ED","LEG","ARN","ATQ","ALL","TMP","WTH","STH","EXO","MIR","VIS","USG","EXP","MPS","MPS_AKH","FNM","BABP","GDP","JR","CPR","SS1","ULG","UDS","BBD","CHK","BOK","SOK","TSP","PLC","FUT","A25","EMA","CSP","INV","ONS","APC","M10","M11","M12","M13","M14","M15","10E","PLS","ALA","_CON","ARB","LRW","MOR","SHM","EVE","RAV","DIS","RTR","GTC","DGM","ZEN","WWK","ROE","MRD","5DN","DST","SOM","MBS","ISD","DKA","AVR","NPH","KTK","DTK","FRF","SOI","EMN","KLD","AER","AKH","HOU","XLN","RIX","DOM","BOXES"],["R","M","S"],1,1,0,0,0,0,-3,0,"PCT"]},
{"type":"chart","stamp":1530123557,"date":"27.06.2018","time":"20:19:17","set":"BBD","card":"Stunning Reversal"},
{"type":"chart","stamp":1530123596,"date":"27.06.2018","time":"20:19:56","set":"BBD","card":"Stunning Reversal"},
{"type":"chart","stamp":1530124114,"date":"27.06.2018","time":"20:28:34","set":"DST","card":"Retract"},
{"type":"compare","stamp":1530124317,"date":"27.06.2018","time":"20:31:57","options":[["LEB","2ED","3ED","LEG","ARN","ATQ","ALL","TMP","WTH","STH","EXO","MIR","VIS","USG","EXP","MPS","MPS_AKH","FNM","BABP","GDP","JR","CPR","SS1","ULG","UDS","BBD","CHK","BOK","SOK","TSP","PLC","FUT","A25","EMA","CSP","INV","ONS","APC","M10","M11","M12","M13","M14","M15","10E","PLS","ALA","_CON","ARB","LRW","MOR","SHM","EVE","RAV","DIS","RTR","GTC","DGM","ZEN","WWK","ROE","MRD","5DN","DST","SOM","MBS","ISD","DKA","AVR","NPH","KTK","DTK","FRF","SOI","EMN","KLD","AER","AKH","HOU","XLN","RIX","DOM","BOXES"],["R","M","S"],0,1,100,0,0,0,-3,0,"PCT"]},
{"type":"chart","stamp":1530124366,"date":"27.06.2018","time":"20:32:46","set":"WWK","card":"Stoneforge Mystic"},
{"type":"chart","stamp":1530124557,"date":"27.06.2018","time":"20:35:57","set":"BOXES","card":"Dragons of Tarkir Booster Box"},
{"type":"chart","stamp":1530124561,"date":"27.06.2018","time":"20:36:01","set":"BOXES","card":"Kaladesh Booster Box"},
{"type":"compare","stamp":1530211780,"date":"28.06.2018","time":"20:49:40","options":[["LEB","2ED","3ED","LEG","ARN","ATQ","ALL","TMP","WTH","STH","EXO","MIR","VIS","USG","EXP","MPS","MPS_AKH","FNM","BABP","GDP","JR","CPR","SS1","ULG","UDS","BBD","CHK","BOK","SOK","TSP","PLC","FUT","A25","EMA","CSP","INV","ONS","APC","M10","M11","M12","M13","M14","M15","10E","PLS","ALA","_CON","ARB","LRW","MOR","SHM","EVE","RAV","DIS","RTR","GTC","DGM","ZEN","WWK","ROE","MRD","5DN","DST","SOM","MBS","ISD","DKA","AVR","NPH","KTK","DTK","FRF","SOI","EMN","KLD","AER","AKH","HOU","XLN","RIX","DOM","BOXES"],["R","M","S"],1,1,0,0,0,0,-3,0,"PCT"]},
{"type":"chart","stamp":1530211788,"date":"28.06.2018","time":"20:49:48","set":"MPS","card":"Solemn Simulacrum"},
{"type":"chart","stamp":1530211805,"date":"28.06.2018","time":"20:50:05","set":"FNM","card":"Goblin Bombardment"},
{"type":"chart","stamp":1530211837,"date":"28.06.2018","time":"20:50:37","set":"JR","card":"Vampiric Tutor"},
{"type":"chart","stamp":1530212048,"date":"28.06.2018","time":"20:54:08","set":"JR","card":"Sword of Feast and Famine"},
{"type":"chart","stamp":1530212075,"date":"28.06.2018","time":"20:54:35","set":"BBD","card":"Archon of Valor's Reach"},
{"type":"chart","stamp":1530212860,"date":"28.06.2018","time":"21:07:40","set":"RIX","card":"Path of Discovery"},
{"type":"compare","stamp":1530212869,"date":"28.06.2018","time":"21:07:49","options":[["LEB","2ED","3ED","LEG","ARN","ATQ","ALL","TMP","WTH","STH","EXO","MIR","VIS","USG","EXP","MPS","MPS_AKH","FNM","BABP","GDP","JR","CPR","SS1","ULG","UDS","BBD","CHK","BOK","SOK","TSP","PLC","FUT","A25","EMA","CSP","INV","ONS","APC","M10","M11","M12","M13","M14","M15","10E","PLS","ALA","_CON","ARB","LRW","MOR","SHM","EVE","RAV","DIS","RTR","GTC","DGM","ZEN","WWK","ROE","MRD","5DN","DST","SOM","MBS","ISD","DKA","AVR","NPH","KTK","DTK","FRF","SOI","EMN","KLD","AER","AKH","HOU","XLN","RIX","DOM","BOXES"],["R","M","S"],0,1,100,0,0,0,-3,0,"PCT"]},
{"type":"chart","stamp":1530212896,"date":"28.06.2018","time":"21:08:16","set":"BBD","card":"Stunning Reversal"},
{"type":"chart","stamp":1530212928,"date":"28.06.2018","time":"21:08:48","set":"STH","card":"Thalakos Deceiver"},
{"type":"chart","stamp":1530212957,"date":"28.06.2018","time":"21:09:17","set":"USG","card":"Karn, Silver Golem"},
{"type":"chart","stamp":1530212972,"date":"28.06.2018","time":"21:09:32","set":"BBD","card":"Archfiend of Despair"},
{"type":"compare","stamp":1530293163,"date":"29.06.2018","time":"19:26:03","options":[["LEB","2ED","3ED","LEG","ARN","ATQ","ALL","TMP","WTH","STH","EXO","MIR","VIS","USG","EXP","MPS","MPS_AKH","FNM","BABP","GDP","JR","CPR","SS1","ULG","UDS","BBD","CHK","BOK","SOK","TSP","PLC","FUT","A25","EMA","CSP","INV","ONS","APC","M10","M11","M12","M13","M14","M15","10E","PLS","ALA","_CON","ARB","LRW","MOR","SHM","EVE","RAV","DIS","RTR","GTC","DGM","ZEN","WWK","ROE","MRD","5DN","DST","SOM","MBS","ISD","DKA","AVR","NPH","KTK","DTK","FRF","SOI","EMN","KLD","AER","AKH","HOU","XLN","RIX","DOM","BOXES"],["R","M","S"],1,1,0,0,0,0,-3,0,"PCT"]},
{"type":"chart","stamp":1530293245,"date":"29.06.2018","time":"19:27:25","set":"JR","card":"Sword of Feast and Famine"},
{"type":"chart","stamp":1530293440,"date":"29.06.2018","time":"19:30:40","set":"BBD","card":"Stunning Reversal"},
{"type":"chart","stamp":1530293478,"date":"29.06.2018","time":"19:31:18","set":"TSP","card":"Tormod's Crypt"},
{"type":"chart","stamp":1530293664,"date":"29.06.2018","time":"19:34:24","set":"DTK","card":"Sidisi, Undead Vizier"},
{"type":"compare","stamp":1530293713,"date":"29.06.2018","time":"19:35:13","options":[["LEB","2ED","3ED","LEG","ARN","ATQ","ALL","TMP","WTH","STH","EXO","MIR","VIS","USG","EXP","MPS","MPS_AKH","FNM","BABP","GDP","JR","CPR","SS1","ULG","UDS","BBD","CHK","BOK","SOK","TSP","PLC","FUT","A25","EMA","CSP","INV","ONS","APC","M10","M11","M12","M13","M14","M15","10E","PLS","ALA","_CON","ARB","LRW","MOR","SHM","EVE","RAV","DIS","RTR","GTC","DGM","ZEN","WWK","ROE","MRD","5DN","DST","SOM","MBS","ISD","DKA","AVR","NPH","KTK","DTK","FRF","SOI","EMN","KLD","AER","AKH","HOU","XLN","RIX","DOM","BOXES"],["R","M","S"],0,1,150,0,0,0,-3,0,"PCT"]},
{"type":"chart","stamp":1530293779,"date":"29.06.2018","time":"19:36:19","set":"NPH","card":"Shattered Angel"},
{"type":"chart","stamp":1530293787,"date":"29.06.2018","time":"19:36:27","set":"BBD","card":"Thrilling Encore"},
{"type":"compare","stamp":1530294519,"date":"29.06.2018","time":"19:48:39","options":[["LEB","2ED","3ED","LEG","ARN","ATQ","ALL","TMP","WTH","STH","EXO","MIR","VIS","USG","EXP","MPS","MPS_AKH","FNM","BABP","GDP","JR","CPR","SS1","ULG","UDS","BBD","CHK","BOK","SOK","TSP","PLC","FUT","A25","EMA","CSP","INV","ONS","APC","M10","M11","M12","M13","M14","M15","10E","PLS","ALA","_CON","ARB","LRW","MOR","SHM","EVE","RAV","DIS","RTR","GTC","DGM","ZEN","WWK","ROE","MRD","5DN","DST","SOM","MBS","ISD","DKA","AVR","NPH","KTK","DTK","FRF","SOI","EMN","KLD","AER","AKH","HOU","XLN","RIX","DOM","BOXES"],["R","M","S"],0,10,150,0,0,0,-15,0,"PCT"]},
{"type":"compare","stamp":1530294590,"date":"29.06.2018","time":"19:49:50","options":[["LEB","2ED","3ED","LEG","ARN","ATQ","ALL","TMP","WTH","STH","EXO","MIR","VIS","USG","EXP","MPS","MPS_AKH","FNM","BABP","GDP","JR","CPR","SS1","ULG","UDS","BBD","CHK","BOK","SOK","TSP","PLC","FUT","A25","EMA","CSP","INV","ONS","APC","M10","M11","M12","M13","M14","M15","10E","PLS","ALA","_CON","ARB","LRW","MOR","SHM","EVE","RAV","DIS","RTR","GTC","DGM","ZEN","WWK","ROE","MRD","5DN","DST","SOM","MBS","ISD","DKA","AVR","NPH","KTK","DTK","FRF","SOI","EMN","KLD","AER","AKH","HOU","XLN","RIX","DOM","BOXES"],["R","M","S"],0,20,1000,0,0,0,-15,0,"PCT"]},
{"type":"chart","stamp":1530294599,"date":"29.06.2018","time":"19:49:59","set":"SOI","card":"Cryptolith Rite"},
{"type":"compare","stamp":1530294642,"date":"29.06.2018","time":"19:50:42","options":[["LEB","2ED","3ED","LEG","ARN","ATQ","ALL","TMP","WTH","STH","EXO","MIR","VIS","USG","EXP","MPS","MPS_AKH","FNM","BABP","GDP","JR","CPR","SS1","ULG","UDS","BBD","CHK","BOK","SOK","TSP","PLC","FUT","A25","EMA","CSP","INV","ONS","APC","M10","M11","M12","M13","M14","M15","10E","PLS","ALA","_CON","ARB","LRW","MOR","SHM","EVE","RAV","DIS","RTR","GTC","DGM","ZEN","WWK","ROE","MRD","5DN","DST","SOM","MBS","ISD","DKA","AVR","NPH","KTK","DTK","FRF","SOI","EMN","KLD","AER","AKH","HOU","XLN","RIX","DOM","BOXES"],["R","M","S"],0,30,1000,0,0,0,-15,0,"PCT"]},
{"type":"compare","stamp":1530294757,"date":"29.06.2018","time":"19:52:37","options":[["LEB","2ED","3ED","LEG","ARN","ATQ","ALL","TMP","WTH","STH","EXO","MIR","VIS","USG","EXP","MPS","MPS_AKH","FNM","BABP","GDP","JR","CPR","SS1","ULG","UDS","BBD","CHK","BOK","SOK","TSP","PLC","FUT","A25","EMA","CSP","INV","ONS","APC","M10","M11","M12","M13","M14","M15","10E","PLS","ALA","_CON","ARB","LRW","MOR","SHM","EVE","RAV","DIS","RTR","GTC","DGM","ZEN","WWK","ROE","MRD","5DN","DST","SOM","MBS","ISD","DKA","AVR","NPH","KTK","DTK","FRF","SOI","EMN","KLD","AER","AKH","HOU","XLN","RIX","DOM","BOXES"],["R","M","S"],0,50,1000,0,0,0,-15,0,"PCT"]},
{"type":"compare","stamp":1530295113,"date":"29.06.2018","time":"19:58:33","options":[["XLN","RIX"],["R","M","S"],0,20,1000,0,0,0,"",0,"PCT"]},
{"type":"compare","stamp":1530295118,"date":"29.06.2018","time":"19:58:38","options":[["XLN","RIX"],["C","U","R","M","S"],0,20,"",0,0,0,"",0,"PCT"]},
{"type":"compare","stamp":1530295858,"date":"29.06.2018","time":"20:10:58","options":[["XLN","RIX"],["S"],0,20,"",0,0,0,"",0,"PCT"]},
{"type":"compare","stamp":1530295860,"date":"29.06.2018","time":"20:11:00","options":[["XLN","RIX"],["M"],0,20,"",0,0,0,"",0,"PCT"]},
{"type":"compare","stamp":1530295910,"date":"29.06.2018","time":"20:11:50","options":[["XLN","RIX"],["R"],0,20,"",0,0,0,"",0,"PCT"]},
{"type":"chart","stamp":1530295973,"date":"29.06.2018","time":"20:12:53","set":"XLN","card":"Drowned Catacomb"},
{"type":"chart","stamp":1530296041,"date":"29.06.2018","time":"20:14:01","set":"XLN","card":"Shapers' Sanctuary"},
{"type":"chart","stamp":1530345005,"date":"30.06.2018","time":"09:50:05","set":"NPH","card":"Shattered Angel"},
{"type":"chart","stamp":1530345009,"date":"30.06.2018","time":"09:50:09","set":"BOXES","card":"Kaladesh Booster Box"},
{"type":"chart","stamp":1530345310,"date":"30.06.2018","time":"09:55:10","set":"NPH","card":"Shattered Angel"},
{"type":"chart","stamp":1530345318,"date":"30.06.2018","time":"09:55:18","set":"EMA","card":"Ashnod's Altar"},
{"type":"compare","stamp":1530384260,"date":"30.06.2018","time":"20:44:20","options":[["LEB","2ED","3ED","LEG","ARN","ATQ","ALL","TMP","WTH","STH","EXO","MIR","VIS","USG","EXP","MPS","MPS_AKH","FNM","BABP","GDP","JR","CPR","SS1","ULG","UDS","BBD","CHK","BOK","SOK","TSP","PLC","FUT","A25","EMA","CSP","INV","ONS","APC","M10","M11","M12","M13","M14","M15","10E","PLS","ALA","_CON","ARB","LRW","MOR","SHM","EVE","RAV","DIS","RTR","GTC","DGM","ZEN","WWK","ROE","MRD","5DN","DST","SOM","MBS","ISD","DKA","AVR","NPH","KTK","DTK","FRF","SOI","EMN","KLD","AER","AKH","HOU","XLN","RIX","DOM","BOXES"],["R","M","S"],1,1,0,0,0,0,-4,0,"PCT"]},
{"type":"chart","stamp":1530384291,"date":"30.06.2018","time":"20:44:51","set":"JR","card":"Dark Ritual"},
{"type":"chart","stamp":1530384717,"date":"30.06.2018","time":"20:51:57","set":"SOM","card":"Geth, Lord of the Vault"},
{"type":"compare","stamp":1530385217,"date":"30.06.2018","time":"21:00:17","options":[["LEB","2ED","3ED","LEG","ARN","ATQ","ALL","TMP","WTH","STH","EXO","MIR","VIS","USG","EXP","MPS","MPS_AKH","FNM","BABP","GDP","JR","CPR","SS1","ULG","UDS","BBD","CHK","BOK","SOK","TSP","PLC","FUT","A25","EMA","CSP","INV","ONS","APC","M10","M11","M12","M13","M14","M15","10E","PLS","ALA","_CON","ARB","LRW","MOR","SHM","EVE","RAV","DIS","RTR","GTC","DGM","ZEN","WWK","ROE","MRD","5DN","DST","SOM","MBS","ISD","DKA","AVR","NPH","KTK","DTK","FRF","SOI","EMN","KLD","AER","AKH","HOU","XLN","RIX","DOM","BOXES"],["R","M","S"],0,1,200,0,0,0,-4,0,"PCT"]},
{"type":"chart","stamp":1530385233,"date":"30.06.2018","time":"21:00:33","set":"EMA","card":"Green Sun's Zenith"},
{"type":"chart","stamp":1530385240,"date":"30.06.2018","time":"21:00:40","set":"AVR","card":"Cathars' Crusade"},
{"type":"chart","stamp":1530385700,"date":"30.06.2018","time":"21:08:20","set":"DOM","card":"Shalai, Voice of Plenty"},
{"type":"compare","stamp":1530386059,"date":"30.06.2018","time":"21:14:19","options":[["BOXES"],["R","M","S"],0,10,"",0,0,0,0,0,"PCT"]},
{"type":"compare","stamp":1530386068,"date":"30.06.2018","time":"21:14:28","options":[["BOXES"],["R","M","S"],0,10,50,0,0,0,0,0,"PCT"]},
{"type":"chart","stamp":1530386073,"date":"30.06.2018","time":"21:14:33","set":"BOXES","card":"Dominaria Booster Box"},
{"type":"chart","stamp":1530386098,"date":"30.06.2018","time":"21:14:58","set":"BOXES","card":"Kaladesh Booster Box"},
{"type":"chart","stamp":1530386112,"date":"30.06.2018","time":"21:15:12","set":"BOXES","card":"Gatecrash Booster Box"},
{"type":"compare","stamp":1530390720,"date":"30.06.2018","time":"22:32:00","options":[["LEB","2ED","3ED","LEG","ARN","ATQ","ALL","TMP","WTH","STH","EXO","MIR","VIS","USG","EXP","MPS","MPS_AKH","FNM","BABP","GDP","JR","CPR","SS1","ULG","UDS","BBD","CHK","BOK","SOK","TSP","PLC","FUT","A25","EMA","CSP","INV","ONS","APC","M10","M11","M12","M13","M14","M15","10E","PLS","ALA","_CON","ARB","LRW","MOR","SHM","EVE","RAV","DIS","RTR","GTC","DGM","ZEN","WWK","ROE","MRD","5DN","DST","SOM","MBS","ISD","DKA","AVR","NPH","KTK","DTK","FRF","SOI","EMN","KLD","AER","AKH","HOU","XLN","RIX","DOM","BOXES"],["U"],1,3,50,0,0,0,-8,0,"PCT"]},
{"type":"chart","stamp":1530391034,"date":"30.06.2018","time":"22:37:14","set":"AKH","card":"Exemplar of Strength"},
{"type":"compare","stamp":1530391207,"date":"30.06.2018","time":"22:40:07","options":[["LEB","2ED","3ED","LEG","ARN","ATQ","ALL","TMP","WTH","STH","EXO","MIR","VIS","USG","EXP","MPS","MPS_AKH","FNM","BABP","GDP","JR","CPR","SS1","ULG","UDS","BBD","CHK","BOK","SOK","TSP","PLC","FUT","A25","EMA","CSP","INV","ONS","APC","M10","M11","M12","M13","M14","M15","10E","PLS","ALA","_CON","ARB","LRW","MOR","SHM","EVE","RAV","DIS","RTR","GTC","DGM","ZEN","WWK","ROE","MRD","5DN","DST","SOM","MBS","ISD","DKA","AVR","NPH","KTK","DTK","FRF","SOI","EMN","KLD","AER","AKH","HOU","XLN","RIX","DOM","BOXES"],["U"],1,5,50,0,0,0,-10,0,"PCT"]},
{"type":"compare","stamp":1530470141,"date":"01.07.2018","time":"20:35:41","options":[["LEB","2ED","3ED","LEG","ARN","ATQ","ALL","TMP","WTH","STH","EXO","MIR","VIS","USG","EXP","MPS","MPS_AKH","FNM","BABP","GDP","JR","CPR","SS1","ULG","UDS","BBD","CHK","BOK","SOK","TSP","PLC","FUT","A25","EMA","CSP","INV","ONS","APC","M10","M11","M12","M13","M14","M15","10E","PLS","ALA","_CON","ARB","LRW","MOR","SHM","EVE","RAV","DIS","RTR","GTC","DGM","ZEN","WWK","ROE","MRD","5DN","DST","SOM","MBS","ISD","DKA","AVR","NPH","KTK","DTK","FRF","SOI","EMN","KLD","AER","AKH","HOU","XLN","RIX","DOM","BOXES"],["R","M","S"],1,1,0,0,0,0,-3,0,"PCT"]},
{"type":"chart","stamp":1530470311,"date":"01.07.2018","time":"20:38:31","set":"ONS","card":"Ravenous Baloth"},
{"type":"compare","stamp":1530470392,"date":"01.07.2018","time":"20:39:52","options":[["LEB","2ED","3ED","LEG","ARN","ATQ","ALL","TMP","WTH","STH","EXO","MIR","VIS","USG","EXP","MPS","MPS_AKH","FNM","BABP","GDP","JR","CPR","SS1","ULG","UDS","BBD","CHK","BOK","SOK","TSP","PLC","FUT","A25","EMA","CSP","INV","ONS","APC","M10","M11","M12","M13","M14","M15","10E","PLS","ALA","_CON","ARB","LRW","MOR","SHM","EVE","RAV","DIS","RTR","GTC","DGM","ZEN","WWK","ROE","MRD","5DN","DST","SOM","MBS","ISD","DKA","AVR","NPH","KTK","DTK","FRF","SOI","EMN","KLD","AER","AKH","HOU","XLN","RIX","DOM","BOXES"],["R","M","S"],0,1,100,0,0,0,-3,0,"PCT"]},
{"type":"chart","stamp":1530470475,"date":"01.07.2018","time":"20:41:15","set":"AVR","card":"Soul of the Harvest"},
{"type":"compare","stamp":1530550694,"date":"02.07.2018","time":"18:58:14","options":[["LEB","2ED","3ED","LEG","ARN","ATQ","ALL","TMP","WTH","STH","EXO","MIR","VIS","USG","EXP","MPS","MPS_AKH","FNM","BABP","GDP","JR","CPR","SS1","ULG","UDS","BBD","CHK","BOK","SOK","TSP","PLC","FUT","A25","EMA","CSP","INV","ONS","APC","M10","M11","M12","M13","M14","M15","10E","PLS","ALA","_CON","ARB","LRW","MOR","SHM","EVE","RAV","DIS","RTR","GTC","DGM","ZEN","WWK","ROE","MRD","5DN","DST","SOM","MBS","ISD","DKA","AVR","NPH","KTK","DTK","FRF","SOI","EMN","KLD","AER","AKH","HOU","XLN","RIX","DOM","BOXES"],["R","M","S"],1,1,0,0,0,0,-3,0,"PCT"]},
{"type":"chart","stamp":1530550710,"date":"02.07.2018","time":"18:58:30","set":"EXP","card":"Strip Mine"},
{"type":"chart","stamp":1530550738,"date":"02.07.2018","time":"18:58:58","set":"EXP","card":"Breeding Pool"},
{"type":"chart","stamp":1530550764,"date":"02.07.2018","time":"18:59:24","set":"MPS","card":"Verdurous Gearhulk"},
{"type":"chart","stamp":1530550787,"date":"02.07.2018","time":"18:59:47","set":"FNM","card":"Myr Enforcer"},
{"type":"chart","stamp":1530550800,"date":"02.07.2018","time":"19:00:00","set":"FNM","card":"Ophidian"},
{"type":"chart","stamp":1530550803,"date":"02.07.2018","time":"19:00:03","set":"FNM","card":"Fireslinger"},
{"type":"chart","stamp":1530550813,"date":"02.07.2018","time":"19:00:13","set":"FNM","card":"Wren's Run Vanquisher"},
{"type":"chart","stamp":1530550829,"date":"02.07.2018","time":"19:00:29","set":"BABP","card":"Mirran Crusader"},
{"type":"chart","stamp":1530550841,"date":"02.07.2018","time":"19:00:41","set":"GDP","card":"Mitotic Slime"},
{"type":"chart","stamp":1530550868,"date":"02.07.2018","time":"19:01:08","set":"JR","card":"Noble Hierarch"},
{"type":"chart","stamp":1530550883,"date":"02.07.2018","time":"19:01:23","set":"JR","card":"Noble Hierarch"},
{"type":"chart","stamp":1530550893,"date":"02.07.2018","time":"19:01:33","set":"JR","card":"Sword of Light and Shadow"},
{"type":"chart","stamp":1530551140,"date":"02.07.2018","time":"19:05:40","set":"JR","card":"Natural Order"},
{"type":"chart","stamp":1530551254,"date":"02.07.2018","time":"19:07:34","set":"CPR","card":"Niv-Mizzet, the Firemind"},
{"type":"chart","stamp":1530551279,"date":"02.07.2018","time":"19:07:59","set":"BBD","card":"Stunning Reversal"},
{"type":"chart","stamp":1530551447,"date":"02.07.2018","time":"19:10:47","set":"BBD","card":"Regna, the Redeemer"},
{"type":"chart","stamp":1530551648,"date":"02.07.2018","time":"19:14:08","set":"ALA","card":"Tezzeret the Seeker"},
{"type":"chart","stamp":1530551707,"date":"02.07.2018","time":"19:15:07","set":"_CON","card":"Bloodhall Ooze"},
{"type":"chart","stamp":1530551745,"date":"02.07.2018","time":"19:15:45","set":"DIS","card":"Avatar of Discord"},
{"type":"chart","stamp":1530551779,"date":"02.07.2018","time":"19:16:19","set":"WWK","card":"Stoneforge Mystic"},
{"type":"chart","stamp":1530551886,"date":"02.07.2018","time":"19:18:06","set":"AER","card":"Exquisite Archangel"},
{"type":"chart","stamp":1530551933,"date":"02.07.2018","time":"19:18:53","set":"AER","card":"Paradox Engine"},
{"type":"chart","stamp":1530552064,"date":"02.07.2018","time":"19:21:04","set":"AER","card":"Planar Bridge"},
{"type":"chart","stamp":1530552090,"date":"02.07.2018","time":"19:21:30","set":"HOU","card":"Mirage Mirror"},
{"type":"chart","stamp":1530552129,"date":"02.07.2018","time":"19:22:09","set":"DOM","card":"Teferi, Timebender"},
{"type":"chart","stamp":1530552168,"date":"02.07.2018","time":"19:22:48","set":"XLN","card":"Bloodcrazed Paladin"},
{"type":"chart","stamp":1530552264,"date":"02.07.2018","time":"19:24:24","set":"SHM","card":"Oona, Queen of the Fae"},
{"type":"chart","stamp":1530552347,"date":"02.07.2018","time":"19:25:47","set":"EXP","card":"Sunken Ruins"},
{"type":"chart","stamp":1530552350,"date":"02.07.2018","time":"19:25:50","set":"EXP","card":"Ancient Tomb"},
{"type":"chart","stamp":1530552353,"date":"02.07.2018","time":"19:25:53","set":"EXP","card":"Breeding Pool"},
{"type":"chart","stamp":1530552356,"date":"02.07.2018","time":"19:25:56","set":"EXP","card":"Strip Mine"},
{"type":"chart","stamp":1530552360,"date":"02.07.2018","time":"19:26:00","set":"EXP","card":"Mystic Gate"},
{"type":"chart","stamp":1530552395,"date":"02.07.2018","time":"19:26:35","set":"EXP","card":"Wasteland"},
{"type":"chart","stamp":1530552399,"date":"02.07.2018","time":"19:26:39","set":"EXP","card":"Strip Mine"},
{"type":"compare","stamp":1530552410,"date":"02.07.2018","time":"19:26:50","options":[["LEB","2ED","3ED","LEG","ARN","ATQ","ALL","TMP","WTH","STH","EXO","MIR","VIS","USG","EXP","MPS","MPS_AKH","FNM","BABP","GDP","JR","CPR","SS1","ULG","UDS","BBD","CHK","BOK","SOK","TSP","PLC","FUT","A25","EMA","CSP","INV","ONS","APC","M10","M11","M12","M13","M14","M15","10E","PLS","ALA","_CON","ARB","LRW","MOR","SHM","EVE","RAV","DIS","RTR","GTC","DGM","ZEN","WWK","ROE","MRD","5DN","DST","SOM","MBS","ISD","DKA","AVR","NPH","KTK","DTK","FRF","SOI","EMN","KLD","AER","AKH","HOU","XLN","RIX","DOM","BOXES"],["R","M","S"],0,1,100,0,0,0,-3,0,"PCT"]},
{"type":"chart","stamp":1530552479,"date":"02.07.2018","time":"19:27:59","set":"STH","card":"Sliver Queen"},
{"type":"chart","stamp":1530552508,"date":"02.07.2018","time":"19:28:28","set":"STH","card":"Spike Breeder"},
{"type":"compare","stamp":1530552634,"date":"02.07.2018","time":"19:30:34","options":[["LEB","2ED","3ED","LEG","ARN","ATQ","ALL","TMP","WTH","STH","EXO","MIR","VIS","USG","EXP","MPS","MPS_AKH","FNM","BABP","GDP","JR","CPR","SS1","ULG","UDS","BBD","CHK","BOK","SOK","TSP","PLC","FUT","A25","EMA","CSP","INV","ONS","APC","M10","M11","M12","M13","M14","M15","10E","PLS","ALA","_CON","ARB","LRW","MOR","SHM","EVE","RAV","DIS","RTR","GTC","DGM","ZEN","WWK","ROE","MRD","5DN","DST","SOM","MBS","ISD","DKA","AVR","NPH","KTK","DTK","FRF","SOI","EMN","KLD","AER","AKH","HOU","XLN","RIX","DOM","BOXES"],["R","M","S"],0,3,100,0,0,0,-20,0,"PCT"]},
{"type":"compare","stamp":1530552650,"date":"02.07.2018","time":"19:30:50","options":[["LEB","2ED","3ED","LEG","ARN","ATQ","ALL","TMP","WTH","STH","EXO","MIR","VIS","USG","EXP","MPS","MPS_AKH","FNM","BABP","GDP","JR","CPR","SS1","ULG","UDS","BBD","CHK","BOK","SOK","TSP","PLC","FUT","A25","EMA","CSP","INV","ONS","APC","M10","M11","M12","M13","M14","M15","10E","PLS","ALA","_CON","ARB","LRW","MOR","SHM","EVE","RAV","DIS","RTR","GTC","DGM","ZEN","WWK","ROE","MRD","5DN","DST","SOM","MBS","ISD","DKA","AVR","NPH","KTK","DTK","FRF","SOI","EMN","KLD","AER","AKH","HOU","XLN","RIX","DOM","BOXES"],["R","M","S"],0,3,100,0,0,0,-15,0,"PCT"]},
{"type":"chart","stamp":1530552659,"date":"02.07.2018","time":"19:30:59","set":"A25","card":"Master of the Wild Hunt"},
{"type":"chart","stamp":1530552695,"date":"02.07.2018","time":"19:31:35","set":"AKH","card":"Shadow of the Grave"},
{"type":"chart","stamp":1530552923,"date":"02.07.2018","time":"19:35:23","set":"EVE","card":"Scarecrone"},
{"type":"chart","stamp":1530552940,"date":"02.07.2018","time":"19:35:40","set":"JR","card":"Natural Order"},
{"type":"chart","stamp":1530553117,"date":"02.07.2018","time":"19:38:37","set":"EVE","card":"Scarecrone"},
{"type":"chart","stamp":1530553123,"date":"02.07.2018","time":"19:38:43","set":"AKH","card":"Shadow of the Grave"},
{"type":"chart","stamp":1530554320,"date":"02.07.2018","time":"19:58:40","set":"DOM","card":"Shalai, Voice of Plenty"},
{"type":"chart","stamp":1530563218,"date":"02.07.2018","time":"22:26:58","set":"NPH","card":"Shattered Angel"},
{"type":"chart","stamp":1530563224,"date":"02.07.2018","time":"22:27:04","set":"EMA","card":"Natural Order"},
{"type":"compare","stamp":1530641928,"date":"03.07.2018","time":"20:18:48","options":[["LEB","2ED","3ED","LEG","ARN","ATQ","ALL","TMP","WTH","STH","EXO","MIR","VIS","USG","EXP","MPS","MPS_AKH","FNM","BABP","GDP","JR","CPR","SS1","ULG","UDS","BBD","CHK","BOK","SOK","TSP","PLC","FUT","A25","EMA","CSP","INV","ONS","APC","M10","M11","M12","M13","M14","M15","10E","PLS","ALA","_CON","ARB","LRW","MOR","SHM","EVE","RAV","DIS","RTR","GTC","DGM","ZEN","WWK","ROE","MRD","5DN","DST","SOM","MBS","ISD","DKA","AVR","NPH","KTK","DTK","FRF","SOI","EMN","KLD","AER","AKH","HOU","XLN","RIX","DOM","BOXES"],["R","M","S"],1,1,0,0,0,0,-4,0,"PCT"]},
{"type":"compare","stamp":1530642031,"date":"03.07.2018","time":"20:20:31","options":[["FNM"],["R","M","S"],1,1,0,0,0,0,0,0,"PCT"]},
{"type":"chart","stamp":1530642037,"date":"03.07.2018","time":"20:20:37","set":"FNM","card":"Myr Enforcer"},
{"type":"chart","stamp":1530642102,"date":"03.07.2018","time":"20:21:42","set":"JR","card":"Phyrexian Negator"},
{"type":"chart","stamp":1530642108,"date":"03.07.2018","time":"20:21:48","set":"JR","card":"Argothian Enchantress"},
{"type":"chart","stamp":1530642120,"date":"03.07.2018","time":"20:22:00","set":"JR","card":"Intuition"},
{"type":"chart","stamp":1530642255,"date":"03.07.2018","time":"20:24:15","set":"AER","card":"Lifecrafter's Bestiary"},
{"type":"compare","stamp":1530642367,"date":"03.07.2018","time":"20:26:07","options":[["LEB","2ED","3ED","LEG","ARN","ATQ","ALL","TMP","WTH","STH","EXO","MIR","VIS","USG","EXP","MPS","MPS_AKH","FNM","BABP","GDP","JR","CPR","SS1","ULG","UDS","BBD","CHK","BOK","SOK","TSP","PLC","FUT","A25","EMA","CSP","INV","ONS","APC","M10","M11","M12","M13","M14","M15","10E","PLS","ALA","_CON","ARB","LRW","MOR","SHM","EVE","RAV","DIS","RTR","GTC","DGM","ZEN","WWK","ROE","MRD","5DN","DST","SOM","MBS","ISD","DKA","AVR","NPH","KTK","DTK","FRF","SOI","EMN","KLD","AER","AKH","HOU","XLN","RIX","DOM","BOXES"],["R","M","S"],0,1,100,0,0,0,-4,0,"PCT"]},
{"type":"chart","stamp":1530642624,"date":"03.07.2018","time":"20:30:24","set":"BOXES","card":"Eldritch Moon Booster Box"},
{"type":"compare","stamp":1530642668,"date":"03.07.2018","time":"20:31:08","options":[["BOXES"],["R","M","S"],1,3,10,0,0,0,0,0,"PCT"]},
{"type":"compare","stamp":1530642671,"date":"03.07.2018","time":"20:31:11","options":[["BOXES"],["R","M","S"],0,3,10,0,0,0,0,0,"PCT"]},
{"type":"compare","stamp":1530642682,"date":"03.07.2018","time":"20:31:22","options":[["BOXES"],["R","M","S"],0,3,20,0,0,0,0,0,"PCT"]},
{"type":"chart","stamp":1530642700,"date":"03.07.2018","time":"20:31:40","set":"BOXES","card":"Kaladesh Booster Box"},
{"type":"chart","stamp":1530642726,"date":"03.07.2018","time":"20:32:06","set":"BOXES","card":"Eldritch Moon Booster Box"},
{"type":"compare","stamp":1530642737,"date":"03.07.2018","time":"20:32:17","options":[["BOXES"],["R","M","S"],0,3,80,0,0,0,0,0,"PCT"]},
{"type":"chart","stamp":1530642742,"date":"03.07.2018","time":"20:32:22","set":"BOXES","card":"Unstable Booster Box"},
{"type":"chart","stamp":1530642802,"date":"03.07.2018","time":"20:33:22","set":"BOXES","card":"Gatecrash Booster Box"},
{"type":"compare","stamp":1530727380,"date":"04.07.2018","time":"20:03:00","options":[["LEB","2ED","3ED","LEG","ARN","ATQ","ALL","TMP","WTH","STH","EXO","MIR","VIS","USG","EXP","MPS","MPS_AKH","FNM","BABP","GDP","JR","CPR","SS1","ULG","UDS","BBD","CHK","BOK","SOK","TSP","PLC","FUT","A25","EMA","CSP","INV","ONS","APC","M10","M11","M12","M13","M14","M15","10E","PLS","ALA","_CON","ARB","LRW","MOR","SHM","EVE","RAV","DIS","RTR","GTC","DGM","ZEN","WWK","ROE","MRD","5DN","DST","SOM","MBS","ISD","DKA","AVR","NPH","KTK","DTK","FRF","SOI","EMN","KLD","AER","AKH","HOU","XLN","RIX","DOM","BOXES"],["R","M","S"],1,1,0,0,0,0,-3,0,"PCT"]},
{"type":"chart","stamp":1530727395,"date":"04.07.2018","time":"20:03:15","set":"MPS","card":"Wurmcoil Engine"},
{"type":"chart","stamp":1530727436,"date":"04.07.2018","time":"20:03:56","set":"GDP","card":"Emeria Angel"},
{"type":"chart","stamp":1530727441,"date":"04.07.2018","time":"20:04:01","set":"JR","card":"Sword of Fire and Ice"},
{"type":"chart","stamp":1530727442,"date":"04.07.2018","time":"20:04:02","set":"JR","card":"Vampiric Tutor"},
{"type":"chart","stamp":1530727460,"date":"04.07.2018","time":"20:04:20","set":"JR","card":"Sol Ring"},
{"type":"chart","stamp":1530728550,"date":"04.07.2018","time":"20:22:30","set":"ISD","card":"Tree of Redemption"},
{"type":"chart","stamp":1530728562,"date":"04.07.2018","time":"20:22:42","set":"NPH","card":"Praetor's Grasp"},
{"type":"chart","stamp":1530728567,"date":"04.07.2018","time":"20:22:47","set":"FRF","card":"Temporal Trespass"},
{"type":"chart","stamp":1530728577,"date":"04.07.2018","time":"20:22:57","set":"FRF","card":"Temporal Trespass"},
{"type":"chart","stamp":1530728577,"date":"04.07.2018","time":"20:22:57","set":"SOI","card":"Cryptolith Rite"},
{"type":"chart","stamp":1530728615,"date":"04.07.2018","time":"20:23:35","set":"KLD","card":"Kambal, Consul of Allocation"},
{"type":"chart","stamp":1530728634,"date":"04.07.2018","time":"20:23:54","set":"AER","card":"Heroic Intervention"},
{"type":"chart","stamp":1530728640,"date":"04.07.2018","time":"20:24:00","set":"AER","card":"Yahenni, Undying Partisan"},
{"type":"chart","stamp":1530728739,"date":"04.07.2018","time":"20:25:39","set":"DOM","card":"Karn, Scion of Urza"},
{"type":"chart","stamp":1530728753,"date":"04.07.2018","time":"20:25:53","set":"AER","card":"Heroic Intervention"},
{"type":"chart","stamp":1530728765,"date":"04.07.2018","time":"20:26:05","set":"EXP","card":"Ancient Tomb"},
{"type":"chart","stamp":1530728770,"date":"04.07.2018","time":"20:26:10","set":"WWK","card":"Stoneforge Mystic"},
{"type":"compare","stamp":1530728790,"date":"04.07.2018","time":"20:26:30","options":[["LEB","2ED","3ED","LEG","ARN","ATQ","ALL","TMP","WTH","STH","EXO","MIR","VIS","USG","EXP","MPS","MPS_AKH","FNM","BABP","GDP","JR","CPR","SS1","ULG","UDS","BBD","CHK","BOK","SOK","TSP","PLC","FUT","A25","EMA","CSP","INV","ONS","APC","M10","M11","M12","M13","M14","M15","10E","PLS","ALA","_CON","ARB","LRW","MOR","SHM","EVE","RAV","DIS","RTR","GTC","DGM","ZEN","WWK","ROE","MRD","5DN","DST","SOM","MBS","ISD","DKA","AVR","NPH","KTK","DTK","FRF","SOI","EMN","KLD","AER","AKH","HOU","XLN","RIX","DOM","BOXES"],["R","M","S"],0,1,150,0,0,0,-3,0,"PCT"]},
{"type":"chart","stamp":1530728820,"date":"04.07.2018","time":"20:27:00","set":"EMA","card":"Vampiric Tutor"},
{"type":"compare","stamp":1530728872,"date":"04.07.2018","time":"20:27:52","options":[["LEB","2ED","3ED","LEG","ARN","ATQ","ALL","TMP","WTH","STH","EXO","MIR","VIS","USG","EXP","MPS","MPS_AKH","FNM","BABP","GDP","JR","CPR","SS1","ULG","UDS","BBD","CHK","BOK","SOK","TSP","PLC","FUT","A25","EMA","CSP","INV","ONS","APC","M10","M11","M12","M13","M14","M15","10E","PLS","ALA","_CON","ARB","LRW","MOR","SHM","EVE","RAV","DIS","RTR","GTC","DGM","ZEN","WWK","ROE","MRD","5DN","DST","SOM","MBS","ISD","DKA","AVR","NPH","KTK","DTK","FRF","SOI","EMN","KLD","AER","AKH","HOU","XLN","RIX","DOM","BOXES"],["C","U"],1,10,0,50,0,0,-15,0,"PCT"]},
{"type":"chart","stamp":1530728881,"date":"04.07.2018","time":"20:28:01","set":"FNM","card":"River Boa"},
{"type":"chart","stamp":1530728892,"date":"04.07.2018","time":"20:28:12","set":"ULG","card":"Miscalculation"},
{"type":"compare","stamp":1530728959,"date":"04.07.2018","time":"20:29:19","options":[["LEB","2ED","3ED","LEG","ARN","ATQ","ALL","TMP","WTH","STH","EXO","MIR","VIS","USG","EXP","MPS","MPS_AKH","FNM","BABP","GDP","JR","CPR","SS1","ULG","UDS","BBD","CHK","BOK","SOK","TSP","PLC","FUT","A25","EMA","CSP","INV","ONS","APC","M10","M11","M12","M13","M14","M15","10E","PLS","ALA","_CON","ARB","LRW","MOR","SHM","EVE","RAV","DIS","RTR","GTC","DGM","ZEN","WWK","ROE","MRD","5DN","DST","SOM","MBS","ISD","DKA","AVR","NPH","KTK","DTK","FRF","SOI","EMN","KLD","AER","AKH","HOU","XLN","RIX","DOM","BOXES"],["C","U"],1,10,20,"",0,0,-15,0,"PCT"]},
{"type":"chart","stamp":1530729121,"date":"04.07.2018","time":"20:32:01","set":"ULG","card":"Crop Rotation"},
{"type":"chart","stamp":1530729149,"date":"04.07.2018","time":"20:32:29","set":"M11","card":"Preordain"},
{"type":"chart","stamp":1530729210,"date":"04.07.2018","time":"20:33:30","set":"DST","card":"Coretapper"},
{"type":"chart","stamp":1530729242,"date":"04.07.2018","time":"20:34:02","set":"HOU","card":"Abrade"},
{"type":"chart","stamp":1530729250,"date":"04.07.2018","time":"20:34:10","set":"RIX","card":"Fanatical Firebrand"},
{"type":"chart","stamp":1530729291,"date":"04.07.2018","time":"20:34:51","set":"DOM","card":"The Eldest Reborn"},
{"type":"compare","stamp":1530809922,"date":"05.07.2018","time":"18:58:42","options":[["LEB","2ED","3ED","LEG","ARN","ATQ","ALL","TMP","WTH","STH","EXO","MIR","VIS","USG","EXP","MPS","MPS_AKH","FNM","BABP","GDP","JR","CPR","SS1","ULG","UDS","BBD","CHK","BOK","SOK","TSP","PLC","FUT","A25","EMA","CSP","INV","ONS","APC","M10","M11","M12","M13","M14","M15","10E","PLS","ALA","_CON","ARB","LRW","MOR","SHM","EVE","RAV","DIS","RTR","GTC","DGM","ZEN","WWK","ROE","MRD","5DN","DST","SOM","MBS","ISD","DKA","AVR","NPH","KTK","DTK","FRF","SOI","EMN","KLD","AER","AKH","HOU","XLN","RIX","DOM","BOXES"],["R","M","S"],1,1,0,0,0,0,-3,0,"PCT"]},
{"type":"chart","stamp":1530809979,"date":"05.07.2018","time":"18:59:39","set":"GDP","card":"Mitotic Slime"},
{"type":"chart","stamp":1530809996,"date":"05.07.2018","time":"18:59:56","set":"UDS","card":"Rofellos, Llanowar Emissary"},
{"type":"chart","stamp":1530809997,"date":"05.07.2018","time":"18:59:57","set":"UDS","card":"Masticore"},
{"type":"chart","stamp":1530810087,"date":"05.07.2018","time":"19:01:27","set":"HOU","card":"Razaketh, the Foulblooded"},
{"type":"compare","stamp":1530810146,"date":"05.07.2018","time":"19:02:26","options":[["LEB","2ED","3ED","LEG","ARN","ATQ","ALL","TMP","WTH","STH","EXO","MIR","VIS","USG","EXP","MPS","MPS_AKH","FNM","BABP","GDP","JR","CPR","SS1","ULG","UDS","BBD","CHK","BOK","SOK","TSP","PLC","FUT","A25","EMA","CSP","INV","ONS","APC","M10","M11","M12","M13","M14","M15","10E","PLS","ALA","_CON","ARB","LRW","MOR","SHM","EVE","RAV","DIS","RTR","GTC","DGM","ZEN","WWK","ROE","MRD","5DN","DST","SOM","MBS","ISD","DKA","AVR","NPH","KTK","DTK","FRF","SOI","EMN","KLD","AER","AKH","HOU","XLN","RIX","DOM","BOXES"],["R","M","S"],0,1,150,0,0,0,-3,0,"PCT"]},
{"type":"chart","stamp":1530810217,"date":"05.07.2018","time":"19:03:37","set":"PLS","card":"Diabolic Intent"},
{"type":"chart","stamp":1530810232,"date":"05.07.2018","time":"19:03:52","set":"BOXES","card":"Kaladesh Booster Box"},
{"type":"compare","stamp":1530904620,"date":"06.07.2018","time":"21:17:00","options":[["LEB","2ED","3ED","LEG","ARN","ATQ","ALL","TMP","WTH","STH","EXO","MIR","VIS","USG","EXP","MPS","MPS_AKH","FNM","BABP","GDP","JR","CPR","SS1","ULG","UDS","BBD","CHK","BOK","SOK","TSP","PLC","FUT","A25","EMA","CSP","INV","ONS","APC","M10","M11","M12","M13","M14","M15","10E","PLS","ALA","_CON","ARB","LRW","MOR","SHM","EVE","RAV","DIS","RTR","GTC","DGM","ZEN","WWK","ROE","MRD","5DN","DST","SOM","MBS","ISD","DKA","AVR","NPH","KTK","DTK","FRF","SOI","EMN","KLD","AER","AKH","HOU","XLN","RIX","DOM","BOXES"],["R","M","S"],1,1,0,0,0,0,-4,0,"PCT"]},
{"type":"chart","stamp":1530904673,"date":"06.07.2018","time":"21:17:53","set":"MPS","card":"Solemn Simulacrum"},
{"type":"chart","stamp":1530904685,"date":"06.07.2018","time":"21:18:05","set":"GDP","card":"Deathless Angel"},
{"type":"chart","stamp":1530904719,"date":"06.07.2018","time":"21:18:39","set":"BBD","card":"Archfiend of Despair"},
{"type":"chart","stamp":1530904745,"date":"06.07.2018","time":"21:19:05","set":"BBD","card":"Krav, the Unredeemed"},
{"type":"chart","stamp":1530904815,"date":"06.07.2018","time":"21:20:15","set":"MBS","card":"Spine of Ish Sah"},
{"type":"chart","stamp":1530904854,"date":"06.07.2018","time":"21:20:54","set":"HOU","card":"Torment of Hailfire"},
{"type":"chart","stamp":1530904879,"date":"06.07.2018","time":"21:21:19","set":"RIX","card":"Elenda, the Dusk Rose"},
{"type":"compare","stamp":1530904899,"date":"06.07.2018","time":"21:21:39","options":[["LEB","2ED","3ED","LEG","ARN","ATQ","ALL","TMP","WTH","STH","EXO","MIR","VIS","USG","EXP","MPS","MPS_AKH","FNM","BABP","GDP","JR","CPR","SS1","ULG","UDS","BBD","CHK","BOK","SOK","TSP","PLC","FUT","A25","EMA","CSP","INV","ONS","APC","M10","M11","M12","M13","M14","M15","10E","PLS","ALA","_CON","ARB","LRW","MOR","SHM","EVE","RAV","DIS","RTR","GTC","DGM","ZEN","WWK","ROE","MRD","5DN","DST","SOM","MBS","ISD","DKA","AVR","NPH","KTK","DTK","FRF","SOI","EMN","KLD","AER","AKH","HOU","XLN","RIX","DOM","BOXES"],["R","M","S"],1,1,0,0,0,0,4,0,"PCT"]},
{"type":"chart","stamp":1530904920,"date":"06.07.2018","time":"21:22:00","set":"JR","card":"Swamp"},
{"type":"chart","stamp":1530905025,"date":"06.07.2018","time":"21:23:45","set":"MBS","card":"Praetor's Counsel"},
{"type":"chart","stamp":1530905052,"date":"06.07.2018","time":"21:24:12","set":"AER","card":"Kari Zev, Skyship Raider"},
{"type":"compare","stamp":1530905105,"date":"06.07.2018","time":"21:25:05","options":[["LEB","2ED","3ED","LEG","ARN","ATQ","ALL","TMP","WTH","STH","EXO","MIR","VIS","USG","EXP","MPS","MPS_AKH","FNM","BABP","GDP","JR","CPR","SS1","ULG","UDS","BBD","CHK","BOK","SOK","TSP","PLC","FUT","A25","EMA","CSP","INV","ONS","APC","M10","M11","M12","M13","M14","M15","10E","PLS","ALA","_CON","ARB","LRW","MOR","SHM","EVE","RAV","DIS","RTR","GTC","DGM","ZEN","WWK","ROE","MRD","5DN","DST","SOM","MBS","ISD","DKA","AVR","NPH","KTK","DTK","FRF","SOI","EMN","KLD","AER","AKH","HOU","XLN","RIX","DOM","BOXES"],["R","M","S"],0,1,0,0,0,0,4,0,"PCT"]},
{"type":"chart","stamp":1530905131,"date":"06.07.2018","time":"21:25:31","set":"WWK","card":"Stoneforge Mystic"},
{"type":"chart","stamp":1530905150,"date":"06.07.2018","time":"21:25:50","set":"BOXES","card":"Kaladesh Booster Box"},
{"type":"compare","stamp":1530905170,"date":"06.07.2018","time":"21:26:10","options":[["LEB","2ED","3ED","LEG","ARN","ATQ","ALL","TMP","WTH","STH","EXO","MIR","VIS","USG","EXP","MPS","MPS_AKH","FNM","BABP","GDP","JR","CPR","SS1","ULG","UDS","BBD","CHK","BOK","SOK","TSP","PLC","FUT","A25","EMA","CSP","INV","ONS","APC","M10","M11","M12","M13","M14","M15","10E","PLS","ALA","_CON","ARB","LRW","MOR","SHM","EVE","RAV","DIS","RTR","GTC","DGM","ZEN","WWK","ROE","MRD","5DN","DST","SOM","MBS","ISD","DKA","AVR","NPH","KTK","DTK","FRF","SOI","EMN","KLD","AER","AKH","HOU","XLN","RIX","DOM","BOXES"],["R","M","S"],0,1,0,0,0,0,-4,0,"PCT"]},
{"type":"compare","stamp":1530905179,"date":"06.07.2018","time":"21:26:19","options":[["LEB","2ED","3ED","LEG","ARN","ATQ","ALL","TMP","WTH","STH","EXO","MIR","VIS","USG","EXP","MPS","MPS_AKH","FNM","BABP","GDP","JR","CPR","SS1","ULG","UDS","BBD","CHK","BOK","SOK","TSP","PLC","FUT","A25","EMA","CSP","INV","ONS","APC","M10","M11","M12","M13","M14","M15","10E","PLS","ALA","_CON","ARB","LRW","MOR","SHM","EVE","RAV","DIS","RTR","GTC","DGM","ZEN","WWK","ROE","MRD","5DN","DST","SOM","MBS","ISD","DKA","AVR","NPH","KTK","DTK","FRF","SOI","EMN","KLD","AER","AKH","HOU","XLN","RIX","DOM","BOXES"],["R","M","S"],0,1,150,0,0,0,-4,0,"PCT"]},
{"type":"compare","stamp":1530905335,"date":"06.07.2018","time":"21:28:55","options":[["LEB","2ED","3ED","LEG","ARN","ATQ","ALL","TMP","WTH","STH","EXO","MIR","VIS","USG","EXP","MPS","MPS_AKH","FNM","BABP","GDP","JR","CPR","SS1","ULG","UDS","BBD","CHK","BOK","SOK","TSP","PLC","FUT","A25","EMA","CSP","INV","ONS","APC","M10","M11","M12","M13","M14","M15","10E","PLS","ALA","_CON","ARB","LRW","MOR","SHM","EVE","RAV","DIS","RTR","GTC","DGM","ZEN","WWK","ROE","MRD","5DN","DST","SOM","MBS","ISD","DKA","AVR","NPH","KTK","DTK","FRF","SOI","EMN","KLD","AER","AKH","HOU","XLN","RIX","DOM","BOXES"],["R","M","S"],1,1,"",0,0,0,-4,0,"PCT"]},
{"type":"chart","stamp":1530905486,"date":"06.07.2018","time":"21:31:26","set":"EXP","card":"Flooded Strand"},
{"type":"chart","stamp":1530905604,"date":"06.07.2018","time":"21:33:24","set":"EXP","card":"Godless Shrine"},
{"type":"chart","stamp":1530905605,"date":"06.07.2018","time":"21:33:25","set":"EXP","card":"Blood Crypt"},
{"type":"chart","stamp":1530905607,"date":"06.07.2018","time":"21:33:27","set":"EXP","card":"Arid Mesa"},
{"type":"chart","stamp":1530905608,"date":"06.07.2018","time":"21:33:28","set":"EXP","card":"Marsh Flats"},
{"type":"chart","stamp":1530905610,"date":"06.07.2018","time":"21:33:30","set":"EXP","card":"Mystic Gate"},
{"type":"compare","stamp":1530905775,"date":"06.07.2018","time":"21:36:15","options":[["XLN","RIX"],["C","U","R","M","S"],1,10,"",0,0,0,0,0,"PCT"]},
{"type":"compare","stamp":1530905802,"date":"06.07.2018","time":"21:36:42","options":[["XLN","RIX"],["R","M"],1,10,"",0,0,0,0,0,"PCT"]},
{"type":"chart","stamp":1530905894,"date":"06.07.2018","time":"21:38:14","set":"XLN","card":"Deadeye Tracker"},
{"type":"chart","stamp":1530905946,"date":"06.07.2018","time":"21:39:06","set":"XLN","card":"Deadeye Tracker"},
{"type":"chart","stamp":1530906025,"date":"06.07.2018","time":"21:40:25","set":"RIX","card":"Elenda, the Dusk Rose"},
{"type":"chart","stamp":1530906031,"date":"06.07.2018","time":"21:40:31","set":"RIX","card":"Twilight Prophet"},
{"type":"chart","stamp":1530906195,"date":"06.07.2018","time":"21:43:15","set":"RIX","card":"Timestream Navigator"},
{"type":"compare","stamp":1530906326,"date":"06.07.2018","time":"21:45:26","options":[["XLN","RIX"],["C","U"],1,10,"",0,0,0,0,0,"PCT"]},
{"type":"chart","stamp":1530906398,"date":"06.07.2018","time":"21:46:38","set":"XLN","card":"Raging Swordtooth"},
{"type":"chart","stamp":1530906430,"date":"06.07.2018","time":"21:47:10","set":"RIX","card":"Moment of Craving"},
{"type":"chart","stamp":1530906487,"date":"06.07.2018","time":"21:48:07","set":"RIX","card":"Crested Herdcaller"},
{"type":"compare","stamp":1530984395,"date":"07.07.2018","time":"19:26:35","options":[["LEB","2ED","3ED","LEG","ARN","ATQ","ALL","TMP","WTH","STH","EXO","MIR","VIS","USG","EXP","MPS","MPS_AKH","FNM","BABP","GDP","JR","CPR","SS1","ULG","UDS","BBD","CHK","BOK","SOK","TSP","PLC","FUT","A25","EMA","CSP","INV","ONS","APC","M10","M11","M12","M13","M14","M15","10E","PLS","ALA","_CON","ARB","LRW","MOR","SHM","EVE","RAV","DIS","RTR","GTC","DGM","ZEN","WWK","ROE","MRD","5DN","DST","SOM","MBS","ISD","DKA","AVR","NPH","KTK","DTK","FRF","SOI","EMN","KLD","AER","AKH","HOU","XLN","RIX","DOM","BOXES"],["R","M","S"],1,1,0,0,0,0,-3,0,"PCT"]},
{"type":"chart","stamp":1530984422,"date":"07.07.2018","time":"19:27:02","set":"MPS","card":"Solemn Simulacrum"},
{"type":"chart","stamp":1530984472,"date":"07.07.2018","time":"19:27:52","set":"JR","card":"Dark Confidant"},
{"type":"chart","stamp":1530984563,"date":"07.07.2018","time":"19:29:23","set":"BBD","card":"Diabolic Intent"},
{"type":"chart","stamp":1530984637,"date":"07.07.2018","time":"19:30:37","set":"ONS","card":"Ravenous Baloth"},
{"type":"chart","stamp":1530984687,"date":"07.07.2018","time":"19:31:27","set":"APC","card":"Fervent Charge"},
{"type":"chart","stamp":1530984769,"date":"07.07.2018","time":"19:32:49","set":"MBS","card":"Mirrorworks"},
{"type":"chart","stamp":1530984786,"date":"07.07.2018","time":"19:33:06","set":"DTK","card":"Sidisi, Undead Vizier"},
{"type":"chart","stamp":1530984842,"date":"07.07.2018","time":"19:34:02","set":"KLD","card":"Kambal, Consul of Allocation"},
{"type":"compare","stamp":1530984952,"date":"07.07.2018","time":"19:35:52","options":[["LEB","2ED","3ED","LEG","ARN","ATQ","ALL","TMP","WTH","STH","EXO","MIR","VIS","USG","EXP","MPS","MPS_AKH","FNM","BABP","GDP","JR","CPR","SS1","ULG","UDS","BBD","CHK","BOK","SOK","TSP","PLC","FUT","A25","EMA","CSP","INV","ONS","APC","M10","M11","M12","M13","M14","M15","10E","PLS","ALA","_CON","ARB","LRW","MOR","SHM","EVE","RAV","DIS","RTR","GTC","DGM","ZEN","WWK","ROE","MRD","5DN","DST","SOM","MBS","ISD","DKA","AVR","NPH","KTK","DTK","FRF","SOI","EMN","KLD","AER","AKH","HOU","XLN","RIX","DOM","BOXES"],["R","M","S"],0,1,200,0,0,0,-3,0,"PCT"]},
{"type":"chart","stamp":1530984996,"date":"07.07.2018","time":"19:36:36","set":"TSP","card":"Kaervek the Merciless"},
{"type":"compare","stamp":1530985217,"date":"07.07.2018","time":"19:40:17","options":[["SS1"],["C","U","R","M","S"],1,0,0,0,0,0,0,0,"PCT"]},
{"type":"compare","stamp":1530985229,"date":"07.07.2018","time":"19:40:29","options":[["SS1"],["C","U","R","M","S"],1,20,0,0,0,0,0,0,"PCT"]},
{"type":"compare","stamp":1530985231,"date":"07.07.2018","time":"19:40:31","options":[["SS1"],["C","U","R","M","S"],1,20,0,0,0,0,0,0,"PCT"]},
{"type":"compare","stamp":1530985233,"date":"07.07.2018","time":"19:40:33","options":[["SS1"],["C","U","R","M","S"],1,15,0,0,0,0,0,0,"PCT"]},
{"type":"chart","stamp":1530985241,"date":"07.07.2018","time":"19:40:41","set":"SS1","card":"Mystical Tutor"},
{"type":"chart","stamp":1530985278,"date":"07.07.2018","time":"19:41:18","set":"EMA","card":"Ashnod's Altar"},
{"type":"compare","stamp":1530987117,"date":"07.07.2018","time":"20:11:57","options":[["SS1"],["C","U","R","M","S"],1,15,0,0,0,0,0,0,"PCT"]},
{"type":"compare","stamp":1530987141,"date":"07.07.2018","time":"20:12:21","options":[["SS1"],["C","U","R","M","S"],1,15,0,0,0,0,0,0,"PCT"]},
{"type":"compare","stamp":1530987147,"date":"07.07.2018","time":"20:12:27","options":[["SS1","XLN","RIX"],["C","U","R","M","S"],1,0,0,0,0,0,0,0,"PCT"]},
{"type":"compare","stamp":1530987243,"date":"07.07.2018","time":"20:14:03","options":[["SS1","XLN","RIX"],["C","U","R","M","S"],1,0,0,0,0,0,0,0,"PCT"]},
{"type":"compare","stamp":1530988170,"date":"07.07.2018","time":"20:29:30","options":[["LEB","2ED","3ED","LEG","ARN","ATQ","ALL","TMP","WTH","STH","EXO","MIR","VIS","USG"],["R","M","S"],1,0,0,0,0,0,-1,0,"PCT"]},
{"type":"compare","stamp":1530988175,"date":"07.07.2018","time":"20:29:35","options":[["LEB","2ED","3ED","LEG","ARN","ATQ","ALL","TMP","WTH","STH","EXO","MIR","VIS","USG"],["R","M","S"],0,0,0,0,0,0,-1,0,"PCT"]},
{"type":"compare","stamp":1531041072,"date":"08.07.2018","time":"11:11:12","options":[["EXP","MPS","MPS_AKH","FNM","BABP","GDP","JR","CPR"],["R","M","S"],1,1,0,0,0,0,0,0,"PCT"]},
{"type":"compare","stamp":1531041485,"date":"08.07.2018","time":"11:18:05","options":[["EXP"],["R","M","S"],1,1,0,0,0,0,0,0,"PCT"]},
{"type":"compare","stamp":1531041490,"date":"08.07.2018","time":"11:18:10","options":[["EXP"],["R","M","S"],1,1,0,0,0,0,-3,0,"PCT"]},
{"type":"compare","stamp":1531041539,"date":"08.07.2018","time":"11:18:59","options":[["EXP"],["R","M","S"],1,1,0,0,0,0,-3,0,"PCT"]},
{"type":"chart","stamp":1531041591,"date":"08.07.2018","time":"11:19:51","set":"A25","card":"Brainstorm"},
{"type":"chart","stamp":1531041736,"date":"08.07.2018","time":"11:22:16","set":"A25","card":"Brainstorm"},
{"type":"compare","stamp":1531041809,"date":"08.07.2018","time":"11:23:29","options":[["EXP"],["R","M","S"],1,1,0,0,0,0,-3,0,"PCT"]},
{"type":"compare","stamp":1531041831,"date":"08.07.2018","time":"11:23:51","options":[["EXP"],["R","M","S"],1,1,0,0,0,0,-3,0,"PCT"]},
{"type":"compare","stamp":1531041978,"date":"08.07.2018","time":"11:26:18","options":[["EXP"],["R","M","S"],1,1,0,0,0,0,-3,0,"PCT"]},
{"type":"chart","stamp":1531042390,"date":"08.07.2018","time":"11:33:10","set":"A25","card":"Brainstorm"},
{"type":"chart","stamp":1531042431,"date":"08.07.2018","time":"11:33:51","set":"A25","card":"Brainstorm"},
{"type":"compare","stamp":1531042507,"date":"08.07.2018","time":"11:35:07","options":[["EXP"],["R","M","S"],1,1,0,0,0,0,-3,0,"PCT"]},
{"type":"compare","stamp":1531042573,"date":"08.07.2018","time":"11:36:13","options":[["EXP"],["R","M","S"],1,1,0,0,0,0,-3,0,"PCT"]},
{"type":"compare","stamp":1531042656,"date":"08.07.2018","time":"11:37:36","options":[["EXP"],["R","M","S"],1,1,0,0,0,0,-3,0,"PCT"]},
{"type":"compare","stamp":1531042673,"date":"08.07.2018","time":"11:37:53","options":[["EXP"],["R","M","S"],1,1,0,0,0,0,-3,0,"PCT"]},
{"type":"compare","stamp":1531042702,"date":"08.07.2018","time":"11:38:22","options":[["EXP"],["R","M","S"],1,1,0,0,0,0,-3,0,"PCT"]},
{"type":"compare","stamp":1531042755,"date":"08.07.2018","time":"11:39:15","options":[["EXP"],["R","M","S"],1,1,0,0,0,0,-3,0,"PCT"]},
{"type":"chart","stamp":1531042761,"date":"08.07.2018","time":"11:39:21","set":"EXP","card":"Rugged Prairie"},
{"type":"chart","stamp":1531042779,"date":"08.07.2018","time":"11:39:39","set":"EXP","card":"Rugged Prairie"},
{"type":"compare","stamp":1531042828,"date":"08.07.2018","time":"11:40:28","options":[["EXP"],["R","M","S"],1,1,0,0,0,0,-3,0,"PCT"]},
{"type":"compare","stamp":1531042837,"date":"08.07.2018","time":"11:40:37","options":[["EXP"],["R","M","S"],1,1,0,0,0,0,-3,0,"PCT"]},
{"type":"compare","stamp":1531042845,"date":"08.07.2018","time":"11:40:45","options":[["EXP"],["R","M","S"],1,1,0,0,0,0,-3,0,"PCT"]},
{"type":"compare","stamp":1531053960,"date":"08.07.2018","time":"14:46:00","options":[["MPS_AKH","DCI","FNM","BABP","GDP","JR","CPR"],["R","M","S"],1,0,0,0,0,0,-1,0,"PCT"]},
{"type":"compare","stamp":1531054008,"date":"08.07.2018","time":"14:46:48","options":[["MPS_AKH","DCI","FNM","BABP","GDP","JR","CPR"],["R","M","S"],1,0,0,0,0,0,-1,0,"PCT"]},
{"type":"chart","stamp":1531054014,"date":"08.07.2018","time":"14:46:54","set":"MPS_AKH","card":"Omniscience"},
{"type":"compare","stamp":1531054040,"date":"08.07.2018","time":"14:47:20","options":[["MPS_AKH","DCI","FNM","BABP","GDP","JR","CPR"],["R","M","S"],1,0,0,0,0,0,-1,0,"PCT"]},
{"type":"chart","stamp":1531054370,"date":"08.07.2018","time":"14:52:50","set":"GDP","card":"Kalastria Highborn"},
{"type":"chart","stamp":1531054404,"date":"08.07.2018","time":"14:53:24","set":"GDP","card":"Mycoid Shepherd"},
{"type":"chart","stamp":1531054441,"date":"08.07.2018","time":"14:54:01","set":"GDP","card":"Deathless Angel"},
{"type":"chart","stamp":1531054484,"date":"08.07.2018","time":"14:54:44","set":"GDP","card":"Emeria Angel"},
{"type":"chart","stamp":1531054533,"date":"08.07.2018","time":"14:55:33","set":"GDP","card":"Cryptborn Horror"},
{"type":"chart","stamp":1531054544,"date":"08.07.2018","time":"14:55:44","set":"JR","card":"Noble Hierarch"},
{"type":"chart","stamp":1531054547,"date":"08.07.2018","time":"14:55:47","set":"JR","card":"Sword of Feast and Famine"},
{"type":"chart","stamp":1531054661,"date":"08.07.2018","time":"14:57:41","set":"JR","card":"Crucible of Worlds"},
{"type":"chart","stamp":1531057516,"date":"08.07.2018","time":"15:45:16","set":"CPR","card":"Imperious Perfect"},
{"type":"compare","stamp":1531077635,"date":"08.07.2018","time":"21:20:35","options":[["LEB","2ED","3ED","LEG","ARN","ATQ","ALL","TMP","WTH","STH","EXO","MIR","VIS","USG","EXP","MPS","MPS_AKH","DCI","FNM","BABP","GDP","JR","CPR","M19","SS1","ULG","UDS","BBD","CHK","BOK","SOK","TSP","PLC","FUT","A25","EMA","CSP","INV","ONS","APC","M10","M11","M12","M13","M14","M15","10E","PLS","ALA","_CON","ARB","LRW","MOR","SHM","EVE","RAV","DIS","RTR","GTC","DGM","ZEN","WWK","ROE","MRD","5DN","DST","SOM","MBS","ISD","DKA","AVR","NPH","KTK","DTK","FRF","SOI","EMN","KLD","AER","AKH","HOU","XLN","RIX","DOM","BOXES"],["R","M","S"],1,1,0,0,0,0,-4,0,"PCT"]},
{"type":"chart","stamp":1531077787,"date":"08.07.2018","time":"21:23:07","set":"MPS","card":"Black Vise"},
{"type":"chart","stamp":1531077962,"date":"08.07.2018","time":"21:26:02","set":"ONS","card":"Ravenous Baloth"},
{"type":"chart","stamp":1531078128,"date":"08.07.2018","time":"21:28:48","set":"_CON","card":"Goblin Razerunners"},
{"type":"chart","stamp":1531078281,"date":"08.07.2018","time":"21:31:21","set":"GTC","card":"Biomass Mutation"},
{"type":"chart","stamp":1531078294,"date":"08.07.2018","time":"21:31:34","set":"ROE","card":"Realms Uncharted"},
{"type":"chart","stamp":1531078334,"date":"08.07.2018","time":"21:32:14","set":"ISD","card":"Heartless Summoning"},
{"type":"chart","stamp":1531078395,"date":"08.07.2018","time":"21:33:15","set":"HOU","card":"Razaketh, the Foulblooded"},
{"type":"compare","stamp":1531078512,"date":"08.07.2018","time":"21:35:12","options":[["LEB","2ED","3ED","LEG","ARN","ATQ","ALL","TMP","WTH","STH","EXO","MIR","VIS","USG","EXP","MPS","MPS_AKH","DCI","FNM","BABP","GDP","JR","CPR","M19","SS1","ULG","UDS","BBD","CHK","BOK","SOK","TSP","PLC","FUT","A25","EMA","CSP","INV","ONS","APC","M10","M11","M12","M13","M14","M15","10E","PLS","ALA","_CON","ARB","LRW","MOR","SHM","EVE","RAV","DIS","RTR","GTC","DGM","ZEN","WWK","ROE","MRD","5DN","DST","SOM","MBS","ISD","DKA","AVR","NPH","KTK","DTK","FRF","SOI","EMN","KLD","AER","AKH","HOU","XLN","RIX","DOM","BOXES"],["R","M","S"],1,1,0,0,0,0,10,0,"PCT"]},
{"type":"compare","stamp":1531078726,"date":"08.07.2018","time":"21:38:46","options":[["LEB","2ED","3ED","LEG","ARN","ATQ","ALL","TMP","WTH","STH","EXO","MIR","VIS","USG","EXP","MPS","MPS_AKH","DCI","FNM","BABP","GDP","JR","CPR","M19","SS1","ULG","UDS","BBD","CHK","BOK","SOK","TSP","PLC","FUT","A25","EMA","CSP","INV","ONS","APC","M10","M11","M12","M13","M14","M15","10E","PLS","ALA","_CON","ARB","LRW","MOR","SHM","EVE","RAV","DIS","RTR","GTC","DGM","ZEN","WWK","ROE","MRD","5DN","DST","SOM","MBS","ISD","DKA","AVR","NPH","KTK","DTK","FRF","SOI","EMN","KLD","AER","AKH","HOU","XLN","RIX","DOM","BOXES"],["R","M","S"],0,1,200,0,0,0,-3,0,"PCT"]},
{"type":"compare","stamp":1531078807,"date":"08.07.2018","time":"21:40:07","options":[["LEB","2ED","3ED","LEG","ARN","ATQ","ALL","TMP","WTH","STH","EXO","MIR","VIS","USG","EXP","MPS","MPS_AKH","DCI","FNM","BABP","GDP","JR","CPR","M19","SS1","ULG","UDS","BBD","CHK","BOK","SOK","TSP","PLC","FUT","A25","EMA","CSP","INV","ONS","APC","M10","M11","M12","M13","M14","M15","10E","PLS","ALA","_CON","ARB","LRW","MOR","SHM","EVE","RAV","DIS","RTR","GTC","DGM","ZEN","WWK","ROE","MRD","5DN","DST","SOM","MBS","ISD","DKA","AVR","NPH","KTK","DTK","FRF","SOI","EMN","KLD","AER","AKH","HOU","XLN","RIX","DOM","BOXES"],["R","M","S"],0,10,1000,0,0,0,-10,0,"PCT"]},
{"type":"chart","stamp":1531079333,"date":"08.07.2018","time":"21:48:53","set":"NPH","card":"Shattered Angel"},
{"type":"chart","stamp":1531079340,"date":"08.07.2018","time":"21:49:00","set":"HOU","card":"Razaketh, the Foulblooded"},
{"type":"chart","stamp":1531079355,"date":"08.07.2018","time":"21:49:15","set":"NPH","card":"Unwinding Clock"},
{"type":"chart","stamp":1531079409,"date":"08.07.2018","time":"21:50:09","set":"NPH","card":"Shattered Angel"},
{"type":"chart","stamp":1531079420,"date":"08.07.2018","time":"21:50:20","set":"3ED","card":"Serendib Efreet"},
{"type":"chart","stamp":1531079472,"date":"08.07.2018","time":"21:51:12","set":"ARN","card":"Serendib Efreet"},
{"type":"chart","stamp":1531082639,"date":"08.07.2018","time":"22:43:59","set":"JR","card":"Ravenous Baloth"},
{"type":"compare","stamp":1531153766,"date":"09.07.2018","time":"18:29:26","options":[["LEB","2ED","3ED","LEG","ARN","ATQ","ALL","TMP","WTH","STH","EXO","MIR","VIS","USG","EXP","MPS","MPS_AKH","DCI","FNM","BABP","GDP","JR","CPR","M19","SS1","ULG","UDS","BBD","CHK","BOK","SOK","TSP","PLC","FUT","A25","EMA","CSP","INV","ONS","APC","M10","M11","M12","M13","M14","M15","10E","PLS","ALA","_CON","ARB","LRW","MOR","SHM","EVE","RAV","DIS","RTR","GTC","DGM","ZEN","WWK","ROE","MRD","5DN","DST","SOM","MBS","ISD","DKA","AVR","NPH","KTK","DTK","FRF","SOI","EMN","KLD","AER","AKH","HOU","XLN","RIX","DOM"],["R","M","S"],1,1,0,0,0,0,-4,0,"PCT"]},
{"type":"chart","stamp":1531153952,"date":"09.07.2018","time":"18:32:32","set":"CPR","card":"Serra Avenger"},
{"type":"chart","stamp":1531154262,"date":"09.07.2018","time":"18:37:42","set":"A25","card":"Rishadan Port"},
{"type":"chart","stamp":1531154339,"date":"09.07.2018","time":"18:38:59","set":"DGM","card":"Plasm Capture"},
{"type":"chart","stamp":1531154410,"date":"09.07.2018","time":"18:40:10","set":"DTK","card":"Sidisi, Undead Vizier"},
{"type":"chart","stamp":1531154526,"date":"09.07.2018","time":"18:42:06","set":"RIX","card":"Paladin of Atonement"},
{"type":"chart","stamp":1531154541,"date":"09.07.2018","time":"18:42:21","set":"DOM","card":"Teferi, Timebender"},
{"type":"compare","stamp":1531154821,"date":"09.07.2018","time":"18:47:01","options":[["LEB","2ED","3ED","LEG","ARN","ATQ","ALL","TMP","WTH","STH","EXO","MIR","VIS","USG","EXP","MPS","MPS_AKH","DCI","FNM","BABP","GDP","JR","CPR","M19","SS1","ULG","UDS","BBD","CHK","BOK","SOK","TSP","PLC","FUT","A25","EMA","CSP","INV","ONS","APC","M10","M11","M12","M13","M14","M15","10E","PLS","ALA","_CON","ARB","LRW","MOR","SHM","EVE","RAV","DIS","RTR","GTC","DGM","ZEN","WWK","ROE","MRD","5DN","DST","SOM","MBS","ISD","DKA","AVR","NPH","KTK","DTK","FRF","SOI","EMN","KLD","AER","AKH","HOU","XLN","RIX","DOM","BOXES"],["R","M","S"],1,0,0,0,0,0,-1,0,"PCT"]},
{"type":"compare","stamp":1531154891,"date":"09.07.2018","time":"18:48:11","options":[["LEB","2ED","3ED","LEG","ARN","ATQ","ALL","TMP","WTH","STH","EXO","MIR","VIS","USG","EXP","MPS","MPS_AKH","DCI","FNM","BABP","GDP","JR","CPR","M19","SS1","ULG","UDS","BBD","CHK","BOK","SOK","TSP","PLC","FUT","A25","EMA","CSP","INV","ONS","APC","M10","M11","M12","M13","M14","M15","10E","PLS","ALA","_CON","ARB","LRW","MOR","SHM","EVE","RAV","DIS","RTR","GTC","DGM","ZEN","WWK","ROE","MRD","5DN","DST","SOM","MBS","ISD","DKA","AVR","NPH","KTK","DTK","FRF","SOI","EMN","KLD","AER","AKH","HOU","XLN","RIX","DOM","BOXES"],["R","M","S"],1,3,200,0,0,0,-8,0,"PCT"]},
{"type":"compare","stamp":1531154904,"date":"09.07.2018","time":"18:48:24","options":[["LEB","2ED","3ED","LEG","ARN","ATQ","ALL","TMP","WTH","STH","EXO","MIR","VIS","USG","EXP","MPS","MPS_AKH","DCI","FNM","BABP","GDP","JR","CPR","M19","SS1","ULG","UDS","BBD","CHK","BOK","SOK","TSP","PLC","FUT","A25","EMA","CSP","INV","ONS","APC","M10","M11","M12","M13","M14","M15","10E","PLS","ALA","_CON","ARB","LRW","MOR","SHM","EVE","RAV","DIS","RTR","GTC","DGM","ZEN","WWK","ROE","MRD","5DN","DST","SOM","MBS","ISD","DKA","AVR","NPH","KTK","DTK","FRF","SOI","EMN","KLD","AER","AKH","HOU","XLN","RIX","DOM","BOXES"],["R","M","S"],0,3,200,0,0,0,-8,0,"PCT"]},
{"type":"chart","stamp":1531154917,"date":"09.07.2018","time":"18:48:37","set":"KLD","card":"Inventors' Fair"},
{"type":"compare","stamp":1531154957,"date":"09.07.2018","time":"18:49:17","options":[["LEB","2ED","3ED","LEG","ARN","ATQ","ALL","TMP","WTH","STH","EXO","MIR","VIS","USG","EXP","MPS","MPS_AKH","DCI","FNM","BABP","GDP","JR","CPR","M19","SS1","ULG","UDS","BBD","CHK","BOK","SOK","TSP","PLC","FUT","A25","EMA","CSP","INV","ONS","APC","M10","M11","M12","M13","M14","M15","10E","PLS","ALA","_CON","ARB","LRW","MOR","SHM","EVE","RAV","DIS","RTR","GTC","DGM","ZEN","WWK","ROE","MRD","5DN","DST","SOM","MBS","ISD","DKA","AVR","NPH","KTK","DTK","FRF","SOI","EMN","KLD","AER","AKH","HOU","XLN","RIX","DOM","BOXES"],["R","M","S"],0,3,200,0,0,0,-6,0,"PCT"]},
{"type":"compare","stamp":1531155089,"date":"09.07.2018","time":"18:51:29","options":[["LEB","2ED","3ED","LEG","ARN","ATQ","ALL","TMP","WTH","STH","EXO","MIR","VIS","USG","EXP","MPS","MPS_AKH","DCI","FNM","BABP","GDP","JR","CPR","M19","SS1","ULG","UDS","BBD","CHK","BOK","SOK","TSP","PLC","FUT","A25","EMA","CSP","INV","ONS","APC","M10","M11","M12","M13","M14","M15","10E","PLS","ALA","_CON","ARB","LRW","MOR","SHM","EVE","RAV","DIS","RTR","GTC","DGM","ZEN","WWK","ROE","MRD","5DN","DST","SOM","MBS","ISD","DKA","AVR","NPH","KTK","DTK","FRF","SOI","EMN","KLD","AER","AKH","HOU","XLN","RIX","DOM","BOXES"],["C","U"],0,3,1000,0,0,0,-6,0,"PCT"]},
{"type":"compare","stamp":1531155353,"date":"09.07.2018","time":"18:55:53","options":[["LEB","2ED","3ED","LEG","ARN","ATQ","ALL","TMP","WTH","STH","EXO","MIR","VIS","USG","EXP","MPS","MPS_AKH","DCI","FNM","BABP","GDP","JR","CPR","M19","SS1","ULG","UDS","BBD","CHK","BOK","SOK","TSP","PLC","FUT","A25","EMA","CSP","INV","ONS","APC","M10","M11","M12","M13","M14","M15","10E","PLS","ALA","_CON","ARB","LRW","MOR","SHM","EVE","RAV","DIS","RTR","GTC","DGM","ZEN","WWK","ROE","MRD","5DN","DST","SOM","MBS","ISD","DKA","AVR","NPH","KTK","DTK","FRF","SOI","EMN","KLD","AER","AKH","HOU","XLN","RIX","DOM","BOXES"],["C","U"],1,3,100,0,0,0,-6,0,"PCT"]},
{"type":"chart","stamp":1531155441,"date":"09.07.2018","time":"18:57:21","set":"AVR","card":"Appetite for Brains"},
{"type":"compare","stamp":1531247697,"date":"10.07.2018","time":"20:34:57","options":[["LEB","2ED","3ED","LEG","ARN","ATQ","ALL","TMP","WTH","STH","EXO","MIR","VIS","USG","EXP","MPS","MPS_AKH","DCI","FNM","BABP","GDP","JR","CPR","M19","SS1","ULG","UDS","BBD","CHK","BOK","SOK","TSP","PLC","FUT","A25","EMA","CSP","INV","ONS","APC","M10","M11","M12","M13","M14","M15","10E","PLS","ALA","_CON","ARB","LRW","MOR","SHM","EVE","RAV","DIS","RTR","GTC","DGM","ZEN","WWK","ROE","MRD","5DN","DST","SOM","MBS","ISD","DKA","AVR","NPH","KTK","DTK","FRF","SOI","EMN","KLD","AER","AKH","HOU","XLN","RIX","DOM"],["R","M","S"],1,1,0,0,0,0,-4,0,"PCT"]},
{"type":"chart","stamp":1531247757,"date":"10.07.2018","time":"20:35:57","set":"CPR","card":"Groundbreaker"},
{"type":"chart","stamp":1531247947,"date":"10.07.2018","time":"20:39:07","set":"ALA","card":"Lich's Mirror"},
{"type":"chart","stamp":1531247987,"date":"10.07.2018","time":"20:39:47","set":"KTK","card":"Hardened Scales"},
{"type":"chart","stamp":1531248044,"date":"10.07.2018","time":"20:40:44","set":"KTK","card":"Hardened Scales"},
{"type":"compare","stamp":1531248210,"date":"10.07.2018","time":"20:43:30","options":[["LEB","2ED","3ED","LEG","ARN","ATQ","ALL","TMP","WTH","STH","EXO","MIR","VIS","USG","EXP","MPS","MPS_AKH","DCI","FNM","BABP","GDP","JR","CPR","M19","SS1","ULG","UDS","BBD","CHK","BOK","SOK","TSP","PLC","FUT","A25","EMA","CSP","INV","ONS","APC","M10","M11","M12","M13","M14","M15","10E","PLS","ALA","_CON","ARB","LRW","MOR","SHM","EVE","RAV","DIS","RTR","GTC","DGM","ZEN","WWK","ROE","MRD","5DN","DST","SOM","MBS","ISD","DKA","AVR","NPH","KTK","DTK","FRF","SOI","EMN","KLD","AER","AKH","HOU","XLN","RIX","DOM"],["C","U"],1,1,50,0,0,0,-4,0,"PCT"]},
{"type":"compare","stamp":1531248491,"date":"10.07.2018","time":"20:48:11","options":[["LEB","2ED","3ED","LEG","ARN","ATQ","ALL","TMP","WTH","STH","EXO","MIR","VIS","USG","EXP","MPS","MPS_AKH","DCI","FNM","BABP","GDP","JR","CPR","M19","SS1","ULG","UDS","BBD","CHK","BOK","SOK","TSP","PLC","FUT","A25","EMA","CSP","INV","ONS","APC","M10","M11","M12","M13","M14","M15","10E","PLS","ALA","_CON","ARB","LRW","MOR","SHM","EVE","RAV","DIS","RTR","GTC","DGM","ZEN","WWK","ROE","MRD","5DN","DST","SOM","MBS","ISD","DKA","AVR","NPH","KTK","DTK","FRF","SOI","EMN","KLD","AER","AKH","HOU","XLN","RIX","DOM"],["C","U"],1,3,50,0,0,0,-8,1,"PCT"]},
{"type":"chart","stamp":1531248639,"date":"10.07.2018","time":"20:50:39","set":"DOM","card":"Divest"},
{"type":"compare","stamp":1531248673,"date":"10.07.2018","time":"20:51:13","options":[["LEB","2ED","3ED","LEG","ARN","ATQ","ALL","TMP","WTH","STH","EXO","MIR","VIS","USG","EXP","MPS","MPS_AKH","DCI","FNM","BABP","GDP","JR","CPR","M19","SS1","ULG","UDS","BBD","CHK","BOK","SOK","TSP","PLC","FUT","A25","EMA","CSP","INV","ONS","APC","M10","M11","M12","M13","M14","M15","10E","PLS","ALA","_CON","ARB","LRW","MOR","SHM","EVE","RAV","DIS","RTR","GTC","DGM","ZEN","WWK","ROE","MRD","5DN","DST","SOM","MBS","ISD","DKA","AVR","NPH","KTK","DTK","FRF","SOI","EMN","KLD","AER","AKH","HOU","XLN","RIX","DOM"],["R","M","S"],0,1,150,0,0,0,-1,0,"PCT"]},
{"type":"chart","stamp":1531248717,"date":"10.07.2018","time":"20:51:57","set":"M15","card":"Waste Not"},
{"type":"chart","stamp":1531248722,"date":"10.07.2018","time":"20:52:02","set":"M15","card":"Waste Not"},
{"type":"chart","stamp":1531248723,"date":"10.07.2018","time":"20:52:03","set":"M15","card":"Waste Not"},
{"type":"chart","stamp":1531248723,"date":"10.07.2018","time":"20:52:03","set":"M15","card":"Waste Not"},
{"type":"chart","stamp":1531248723,"date":"10.07.2018","time":"20:52:03","set":"M15","card":"Waste Not"},
{"type":"chart","stamp":1531249038,"date":"10.07.2018","time":"20:57:18","set":"M15","card":"Waste Not"},
{"type":"compare","stamp":1531249077,"date":"10.07.2018","time":"20:57:57","options":[["LEB","2ED","3ED","LEG","ARN","ATQ","ALL","TMP","WTH","STH","EXO","MIR","VIS","USG","EXP","MPS","MPS_AKH","DCI","FNM","BABP","GDP","JR","CPR","M19","SS1","ULG","UDS","BBD","CHK","BOK","SOK","TSP","PLC","FUT","A25","EMA","CSP","INV","ONS","APC","M10","M11","M12","M13","M14","M15","10E","PLS","ALA","_CON","ARB","LRW","MOR","SHM","EVE","RAV","DIS","RTR","GTC","DGM","ZEN","WWK","ROE","MRD","5DN","DST","SOM","MBS","ISD","DKA","AVR","NPH","KTK","DTK","FRF","SOI","EMN","KLD","AER","AKH","HOU","XLN","RIX","DOM"],["R","M","S"],0,1,150,0,0,0,-5,0,"PCT"]},
{"type":"compare","stamp":1531249176,"date":"10.07.2018","time":"20:59:36","options":[["LEB","2ED","3ED","LEG","ARN","ATQ","ALL","TMP","WTH","STH","EXO","MIR","VIS","USG","EXP","MPS","MPS_AKH","DCI","FNM","BABP","GDP","JR","CPR","M19","SS1","ULG","UDS","BBD","CHK","BOK","SOK","TSP","PLC","FUT","A25","EMA","CSP","INV","ONS","APC","M10","M11","M12","M13","M14","M15","10E","PLS","ALA","_CON","ARB","LRW","MOR","SHM","EVE","RAV","DIS","RTR","GTC","DGM","ZEN","WWK","ROE","MRD","5DN","DST","SOM","MBS","ISD","DKA","AVR","NPH","KTK","DTK","FRF","SOI","EMN","KLD","AER","AKH","HOU","XLN","RIX","DOM"],["R","M","S"],0,1,150,0,0,0,-5,0,"PCT"]},
{"type":"compare","stamp":1531249240,"date":"10.07.2018","time":"21:00:40","options":[["LEB","2ED","3ED","LEG","ARN","ATQ","ALL","TMP","WTH","STH","EXO","MIR","VIS","USG","EXP","MPS","MPS_AKH","DCI","FNM","BABP","GDP","JR","CPR","M19","SS1","ULG","UDS","BBD","CHK","BOK","SOK","TSP","PLC","FUT","A25","EMA","CSP","INV","ONS","APC","M10","M11","M12","M13","M14","M15","10E","PLS","ALA","_CON","ARB","LRW","MOR","SHM","EVE","RAV","DIS","RTR","GTC","DGM","ZEN","WWK","ROE","MRD","5DN","DST","SOM","MBS","ISD","DKA","AVR","NPH","KTK","DTK","FRF","SOI","EMN","KLD","AER","AKH","HOU","XLN","RIX","DOM"],["R","M","S"],0,1,150,0,0,0,-5,0,"PCT"]},
{"type":"chart","stamp":1531249284,"date":"10.07.2018","time":"21:01:24","set":"LRW","card":"Cairn Wanderer"},
{"type":"compare","stamp":1531249342,"date":"10.07.2018","time":"21:02:22","options":[["DCI","M14","M15","DKA"],["R","M","S"],1,0,0,0,0,0,0,0,"PCT"]},
{"type":"chart","stamp":1531249613,"date":"10.07.2018","time":"21:06:53","set":"DCI","card":"Flooded Strand"},
{"type":"chart","stamp":1531249756,"date":"10.07.2018","time":"21:09:16","set":"M15","card":"Ob Nixilis, Unshackled"},
{"type":"chart","stamp":1531249785,"date":"10.07.2018","time":"21:09:45","set":"M15","card":"Ob Nixilis, Unshackled"},
{"type":"chart","stamp":1531249957,"date":"10.07.2018","time":"21:12:37","set":"M15","card":"Ob Nixilis, Unshackled"},
{"type":"chart","stamp":1531253118,"date":"10.07.2018","time":"22:05:18","set":"KTK","card":"Hardened Scales"},
{"type":"chart","stamp":1531253153,"date":"10.07.2018","time":"22:05:53","set":"DOM","card":"Sparring Construct"},
